<?xml version="1.0" encoding="UTF-8"?>
<robot generator="Robot 7.3.2 (Python 3.13.7 on win32)" generated="2025-10-09T23:17:20.818973" rpa="false" schemaversion="5">
<suite id="s1" name="Tests" source="C:\Users\Andressa\Documents\challenge-final\-challenge-Final\tests-api\tests">
<suite id="s1-s1" name="Films" source="C:\Users\Andressa\Documents\challenge-final\-challenge-Final\tests-api\tests\films.robot">
<test id="s1-s1-t1" name="CT-API-012: Listar filmes" line="10">
<kw name="iniciar sessao" owner="common" type="SETUP">
<kw name="Create Dictionary" owner="BuiltIn">
<msg time="2025-10-09T23:17:21.459651" level="INFO">${headers} = {'Content-Type': 'application/json'}</msg>
<var>${headers}</var>
<arg>Content-Type=application/json</arg>
<doc>Creates and returns a dictionary based on the given ``items``.</doc>
<status status="PASS" start="2025-10-09T23:17:21.459095" elapsed="0.000647"/>
</kw>
<kw name="Create Session" owner="RequestsLibrary">
<msg time="2025-10-09T23:17:21.460999" level="INFO">Creating Session using : alias=cinema, url=http://localhost:3000/api/v1, headers={'Content-Type': 'application/json'},                     cookies={}, auth=None, timeout=None, proxies=None, verify=False,                     debug=0 </msg>
<arg>cinema</arg>
<arg>${BASE_URL}</arg>
<arg>headers=${headers}</arg>
<doc>Create Session: create a HTTP session to a server</doc>
<status status="PASS" start="2025-10-09T23:17:21.460522" elapsed="0.001016"/>
</kw>
<status status="PASS" start="2025-10-09T23:17:21.457377" elapsed="0.004323"/>
</kw>
<kw name="Listar filmes" owner="films-page">
<kw name="GET On Session" owner="RequestsLibrary">
<msg time="2025-10-09T23:17:21.713919" level="INFO">GET Request : url=http://localhost:3000/api/v1/movies 
 path_url=/api/v1/movies 
 headers={'User-Agent': 'python-requests/2.32.5', 'Accept-Encoding': 'gzip, deflate', 'Accept': '*/*', 'Connection': 'keep-alive', 'Content-Type': 'application/json'} 
 body=None 
 </msg>
<msg time="2025-10-09T23:17:21.714963" level="INFO">GET Response : url=http://localhost:3000/api/v1/movies 
 status=200, reason=OK 
 headers={'X-Powered-By': 'Express', 'Access-Control-Allow-Origin': '*', 'Content-Type': 'application/json; charset=utf-8', 'Content-Length': '3931', 'ETag': 'W/"f5b-w6P0KHMcOxbbZCgpRAH5owxPzv8"', 'Date': 'Fri, 10 Oct 2025 02:17:21 GMT', 'Connection': 'keep-alive', 'Keep-Alive': 'timeout=5'} 
 body={"success":true,"count":10,"pagination":{"next":{"page":2,"limit":10}},"data":[{"_id":"68e85cdfdc637a36a87b42cd","title":"Filme de Teste OGSWLIFH","synopsis":"Sinopse de um filme.","director":"Tester Diretor","genres":["Ação","Ficção Científica"],"duration":120,"classification":"Livre","poster":"poster_teste.jpg","releaseDate":"2025-10-09T00:00:00.000Z","id":"68e85cdfdc637a36a87b42cd"},{"_id":"68e863afdc637a36a87b42e4","title":"Filme atualizado com Sucesso","synopsis":"Sinopse original.","director":"Diretor Original","genres":["Ação"],"duration":150,"classification":"Livre","poster":"no-image.jpg","releaseDate":"2025-01-01T00:00:00.000Z","id":"68e863afdc637a36a87b42e4"},{"_id":"68e868d5dc637a36a87b42f8","title":"Filme Alvo para Deleção Proibida","synopsis":"Filme que um usuário comum tentará apagar.","director":"Diretor X","genres":["Aventura"],"duration":110,"classification":"10","poster":"no-image.jpg","releaseDate":"2023-10-10T00:00:00.000Z","id":"68e868d5dc637a36a87b42f8"},{"_id":"68dc26f09f1a14d64c1b77e8","customId":"10","title":"Interstellar","synopsis":"A team of explorers travel through a wormhole in space in an attempt to ensure humanity's survival.","director":"Christopher Nolan","genres":["Adventure","Drama","Science Fiction"],"duration":169,"classification":"PG-13","poster":"interstellar.jpg","releaseDate":"2014-11-07T00:00:00.000Z","id":"68dc26f09f1a14d64c1b77e8"},{"_id":"68dc26e3b6b6f8376e484525","customId":"2","title":"The Avengers","synopsis":"Earth's mightiest heroes must come together to save the world.","director":"Joss Whedon","genres":["Action","Adventure"],"duration":143,"classification":"PG-13","poster":"avengers.jpg","releaseDate":"2012-05-04T00:00:00.000Z","id":"68dc26e3b6b6f8376e484525"},{"_id":"68dc26e3b6b6f8376e484524","customId":"1","title":"Inception","synopsis":"A thief who enters the dreams of others to steal their secrets.","director":"Christopher Nolan","genres":["Science Fiction","Action"],"duration":148,"classification":"PG-13","poster":"inception.jpg","releaseDate":"2010-07-16T00:00:00.000Z","id":"68dc26e3b6b6f8376e484524"},{"_id":"68dc26f09f1a14d64c1b77ec","customId":"14","title":"Avatar","synopsis":"A paraplegic Marine dispatched to the moon Pandora on a unique mission becomes torn between following his orders and protecting the world he feels is his home.","director":"James Cameron","genres":["Action","Adventure","Fantasy"],"duration":162,"classification":"PG-13","poster":"avatar.jpg","releaseDate":"2009-12-18T00:00:00.000Z","id":"68dc26f09f1a14d64c1b77ec"},{"_id":"68dc26f09f1a14d64c1b77e4","customId":"6","title":"The Dark Knight","synopsis":"When the menace known as the Joker wreaks havoc and chaos on the people of Gotham, Batman must accept one of the greatest psychological and physical tests of his ability to fight injustice.","director":"Christopher Nolan","genres":["Action","Crime","Drama"],"duration":152,"classification":"PG-13","poster":"darkknight.jpg","releaseDate":"2008-07-18T00:00:00.000Z","id":"68dc26f09f1a14d64c1b77e4"},{"_id":"68dc26f09f1a14d64c1b77ea","customId":"12","title":"The Lord of the Rings: The Fellowship of the Ring","synopsis":"A meek Hobbit from the Shire and eight companions set out on a journey to destroy the powerful One Ring and save Middle-earth from the Dark Lord Sauron.","director":"Peter Jackson","genres":["Adventure","Fantasy","Drama"],"duration":178,"classification":"PG-13","poster":"lotr.jpg","releaseDate":"2001-12-19T00:00:00.000Z","id":"68dc26f09f1a14d64c1b77ea"},{"_id":"68dc26f09f1a14d64c1b77e9","customId":"11","title":"Gladiator","synopsis":"A former Roman General sets out to exact vengeance against the corrupt emperor who murdered his family and sent him into slavery.","director":"Ridley Scott","genres":["Action","Adventure","Drama"],"duration":155,"classification":"R","poster":"gladiator.jpg","releaseDate":"2000-05-05T00:00:00.000Z","id":"68dc26f09f1a14d64c1b77e9"}]} 
 </msg>
<msg time="2025-10-09T23:17:21.715284" level="INFO">${resposta} = &lt;Response [200]&gt;</msg>
<var>${resposta}</var>
<arg>cinema</arg>
<arg>/movies</arg>
<arg>expected_status=${status_esperado}</arg>
<doc>Sends a GET request on a previously created HTTP Session.</doc>
<status status="PASS" start="2025-10-09T23:17:21.462710" elapsed="0.252629"/>
</kw>
<return>
<value>${resposta}</value>
<status status="PASS" start="2025-10-09T23:17:21.715463" elapsed="0.000093"/>
</return>
<msg time="2025-10-09T23:17:21.715831" level="INFO">${resp} = &lt;Response [200]&gt;</msg>
<var>${resp}</var>
<arg>200</arg>
<status status="PASS" start="2025-10-09T23:17:21.462222" elapsed="0.253656"/>
</kw>
<kw name="Conferência de lista de filmes" owner="check">
<kw name="Dictionary Should Contain Key" owner="Collections">
<arg>${response}</arg>
<arg>data</arg>
<doc>Fails if ``key`` is not found from ``dictionary``.</doc>
<status status="PASS" start="2025-10-09T23:17:21.717946" elapsed="0.000328"/>
</kw>
<kw name="Dictionary Should Contain Key" owner="Collections">
<arg>${response}</arg>
<arg>count</arg>
<doc>Fails if ``key`` is not found from ``dictionary``.</doc>
<status status="PASS" start="2025-10-09T23:17:21.718569" elapsed="0.000274"/>
</kw>
<kw name="Dictionary Should Contain Key" owner="Collections">
<arg>${response}</arg>
<arg>pagination</arg>
<doc>Fails if ``key`` is not found from ``dictionary``.</doc>
<status status="PASS" start="2025-10-09T23:17:21.719078" elapsed="0.000260"/>
</kw>
<kw name="Set Variable" owner="BuiltIn">
<msg time="2025-10-09T23:17:21.721094" level="INFO">${lista_filmes} = [{'_id': '68e85cdfdc637a36a87b42cd', 'title': 'Filme de Teste OGSWLIFH', 'synopsis': 'Sinopse de um filme.', 'director': 'Tester Diretor', 'genres': ['Ação', 'Ficção Científica'], 'duration': 120, 'cl...</msg>
<var>${lista_filmes}</var>
<arg>${response['data']}</arg>
<doc>Returns the given values which can then be assigned to a variables.</doc>
<status status="PASS" start="2025-10-09T23:17:21.719567" elapsed="0.001823"/>
</kw>
<kw name="Get Length" owner="BuiltIn">
<msg time="2025-10-09T23:17:21.722229" level="INFO">Length is 10.</msg>
<msg time="2025-10-09T23:17:21.722469" level="INFO">${quantidade} = 10</msg>
<var>${quantidade}</var>
<arg>${lista_filmes}</arg>
<doc>Returns and logs the length of the given item as an integer.</doc>
<status status="PASS" start="2025-10-09T23:17:21.721826" elapsed="0.000719"/>
</kw>
<kw name="Should Be True" owner="BuiltIn">
<arg>${quantidade} &gt; 0</arg>
<doc>Fails if the given condition is not true.</doc>
<status status="PASS" start="2025-10-09T23:17:21.723012" elapsed="0.000609"/>
</kw>
<arg>${resp.json()}</arg>
<status status="PASS" start="2025-10-09T23:17:21.716471" elapsed="0.007370"/>
</kw>
<tag>GET</tag>
<tag>MOVIES</tag>
<status status="PASS" start="2025-10-09T23:17:21.455811" elapsed="0.268681"/>
</test>
<test id="s1-s1-t2" name="CT-API-013: Obter detalhes de um filme" line="15">
<kw name="iniciar sessao" owner="common" type="SETUP">
<kw name="Create Dictionary" owner="BuiltIn">
<msg time="2025-10-09T23:17:21.729775" level="INFO">${headers} = {'Content-Type': 'application/json'}</msg>
<var>${headers}</var>
<arg>Content-Type=application/json</arg>
<doc>Creates and returns a dictionary based on the given ``items``.</doc>
<status status="PASS" start="2025-10-09T23:17:21.729460" elapsed="0.000370"/>
</kw>
<kw name="Create Session" owner="RequestsLibrary">
<msg time="2025-10-09T23:17:21.730488" level="INFO">Creating Session using : alias=cinema, url=http://localhost:3000/api/v1, headers={'Content-Type': 'application/json'},                     cookies={}, auth=None, timeout=None, proxies=None, verify=False,                     debug=0 </msg>
<arg>cinema</arg>
<arg>${BASE_URL}</arg>
<arg>headers=${headers}</arg>
<doc>Create Session: create a HTTP session to a server</doc>
<status status="PASS" start="2025-10-09T23:17:21.730089" elapsed="0.000746"/>
</kw>
<status status="PASS" start="2025-10-09T23:17:21.728731" elapsed="0.002270"/>
</kw>
<kw name="Listar filmes" owner="films-page">
<kw name="GET On Session" owner="RequestsLibrary">
<msg time="2025-10-09T23:17:21.842693" level="INFO">GET Request : url=http://localhost:3000/api/v1/movies 
 path_url=/api/v1/movies 
 headers={'User-Agent': 'python-requests/2.32.5', 'Accept-Encoding': 'gzip, deflate', 'Accept': '*/*', 'Connection': 'keep-alive', 'Content-Type': 'application/json'} 
 body=None 
 </msg>
<msg time="2025-10-09T23:17:21.842841" level="INFO">GET Response : url=http://localhost:3000/api/v1/movies 
 status=200, reason=OK 
 headers={'X-Powered-By': 'Express', 'Access-Control-Allow-Origin': '*', 'Content-Type': 'application/json; charset=utf-8', 'Content-Length': '3931', 'ETag': 'W/"f5b-w6P0KHMcOxbbZCgpRAH5owxPzv8"', 'Date': 'Fri, 10 Oct 2025 02:17:21 GMT', 'Connection': 'keep-alive', 'Keep-Alive': 'timeout=5'} 
 body={"success":true,"count":10,"pagination":{"next":{"page":2,"limit":10}},"data":[{"_id":"68e85cdfdc637a36a87b42cd","title":"Filme de Teste OGSWLIFH","synopsis":"Sinopse de um filme.","director":"Tester Diretor","genres":["Ação","Ficção Científica"],"duration":120,"classification":"Livre","poster":"poster_teste.jpg","releaseDate":"2025-10-09T00:00:00.000Z","id":"68e85cdfdc637a36a87b42cd"},{"_id":"68e863afdc637a36a87b42e4","title":"Filme atualizado com Sucesso","synopsis":"Sinopse original.","director":"Diretor Original","genres":["Ação"],"duration":150,"classification":"Livre","poster":"no-image.jpg","releaseDate":"2025-01-01T00:00:00.000Z","id":"68e863afdc637a36a87b42e4"},{"_id":"68e868d5dc637a36a87b42f8","title":"Filme Alvo para Deleção Proibida","synopsis":"Filme que um usuário comum tentará apagar.","director":"Diretor X","genres":["Aventura"],"duration":110,"classification":"10","poster":"no-image.jpg","releaseDate":"2023-10-10T00:00:00.000Z","id":"68e868d5dc637a36a87b42f8"},{"_id":"68dc26f09f1a14d64c1b77e8","customId":"10","title":"Interstellar","synopsis":"A team of explorers travel through a wormhole in space in an attempt to ensure humanity's survival.","director":"Christopher Nolan","genres":["Adventure","Drama","Science Fiction"],"duration":169,"classification":"PG-13","poster":"interstellar.jpg","releaseDate":"2014-11-07T00:00:00.000Z","id":"68dc26f09f1a14d64c1b77e8"},{"_id":"68dc26e3b6b6f8376e484525","customId":"2","title":"The Avengers","synopsis":"Earth's mightiest heroes must come together to save the world.","director":"Joss Whedon","genres":["Action","Adventure"],"duration":143,"classification":"PG-13","poster":"avengers.jpg","releaseDate":"2012-05-04T00:00:00.000Z","id":"68dc26e3b6b6f8376e484525"},{"_id":"68dc26e3b6b6f8376e484524","customId":"1","title":"Inception","synopsis":"A thief who enters the dreams of others to steal their secrets.","director":"Christopher Nolan","genres":["Science Fiction","Action"],"duration":148,"classification":"PG-13","poster":"inception.jpg","releaseDate":"2010-07-16T00:00:00.000Z","id":"68dc26e3b6b6f8376e484524"},{"_id":"68dc26f09f1a14d64c1b77ec","customId":"14","title":"Avatar","synopsis":"A paraplegic Marine dispatched to the moon Pandora on a unique mission becomes torn between following his orders and protecting the world he feels is his home.","director":"James Cameron","genres":["Action","Adventure","Fantasy"],"duration":162,"classification":"PG-13","poster":"avatar.jpg","releaseDate":"2009-12-18T00:00:00.000Z","id":"68dc26f09f1a14d64c1b77ec"},{"_id":"68dc26f09f1a14d64c1b77e4","customId":"6","title":"The Dark Knight","synopsis":"When the menace known as the Joker wreaks havoc and chaos on the people of Gotham, Batman must accept one of the greatest psychological and physical tests of his ability to fight injustice.","director":"Christopher Nolan","genres":["Action","Crime","Drama"],"duration":152,"classification":"PG-13","poster":"darkknight.jpg","releaseDate":"2008-07-18T00:00:00.000Z","id":"68dc26f09f1a14d64c1b77e4"},{"_id":"68dc26f09f1a14d64c1b77ea","customId":"12","title":"The Lord of the Rings: The Fellowship of the Ring","synopsis":"A meek Hobbit from the Shire and eight companions set out on a journey to destroy the powerful One Ring and save Middle-earth from the Dark Lord Sauron.","director":"Peter Jackson","genres":["Adventure","Fantasy","Drama"],"duration":178,"classification":"PG-13","poster":"lotr.jpg","releaseDate":"2001-12-19T00:00:00.000Z","id":"68dc26f09f1a14d64c1b77ea"},{"_id":"68dc26f09f1a14d64c1b77e9","customId":"11","title":"Gladiator","synopsis":"A former Roman General sets out to exact vengeance against the corrupt emperor who murdered his family and sent him into slavery.","director":"Ridley Scott","genres":["Action","Adventure","Drama"],"duration":155,"classification":"R","poster":"gladiator.jpg","releaseDate":"2000-05-05T00:00:00.000Z","id":"68dc26f09f1a14d64c1b77e9"}]} 
 </msg>
<msg time="2025-10-09T23:17:21.843131" level="INFO">${resposta} = &lt;Response [200]&gt;</msg>
<var>${resposta}</var>
<arg>cinema</arg>
<arg>/movies</arg>
<arg>expected_status=${status_esperado}</arg>
<doc>Sends a GET request on a previously created HTTP Session.</doc>
<status status="PASS" start="2025-10-09T23:17:21.732094" elapsed="0.111088"/>
</kw>
<return>
<value>${resposta}</value>
<status status="PASS" start="2025-10-09T23:17:21.843308" elapsed="0.000069"/>
</return>
<msg time="2025-10-09T23:17:21.843664" level="INFO">${resp_lista} = &lt;Response [200]&gt;</msg>
<var>${resp_lista}</var>
<arg>200</arg>
<status status="PASS" start="2025-10-09T23:17:21.731476" elapsed="0.112244"/>
</kw>
<kw name="Set Variable" owner="BuiltIn">
<msg time="2025-10-09T23:17:21.845305" level="INFO">${id_primeiro_filme} = 68e85cdfdc637a36a87b42cd</msg>
<var>${id_primeiro_filme}</var>
<arg>${resp_lista.json()['data'][0]['_id']}</arg>
<doc>Returns the given values which can then be assigned to a variables.</doc>
<status status="PASS" start="2025-10-09T23:17:21.844254" elapsed="0.001109"/>
</kw>
<kw name="Obter filme por ID" owner="films-page">
<kw name="GET On Session" owner="RequestsLibrary">
<msg time="2025-10-09T23:17:21.962916" level="INFO">GET Request : url=http://localhost:3000/api/v1/movies/68e85cdfdc637a36a87b42cd 
 path_url=/api/v1/movies/68e85cdfdc637a36a87b42cd 
 headers={'User-Agent': 'python-requests/2.32.5', 'Accept-Encoding': 'gzip, deflate', 'Accept': '*/*', 'Connection': 'keep-alive', 'Content-Type': 'application/json'} 
 body=None 
 </msg>
<msg time="2025-10-09T23:17:21.963073" level="INFO">GET Response : url=http://localhost:3000/api/v1/movies/68e85cdfdc637a36a87b42cd 
 status=200, reason=OK 
 headers={'X-Powered-By': 'Express', 'Access-Control-Allow-Origin': '*', 'Content-Type': 'application/json; charset=utf-8', 'Content-Length': '438', 'ETag': 'W/"1b6-s7S0pybHUeGw4qBOfvFL+gMhCEM"', 'Date': 'Fri, 10 Oct 2025 02:17:21 GMT', 'Connection': 'keep-alive', 'Keep-Alive': 'timeout=5'} 
 body={"success":true,"data":{"_id":"68e85cdfdc637a36a87b42cd","title":"Filme de Teste OGSWLIFH","synopsis":"Sinopse de um filme.","director":"Tester Diretor","genres":["Ação","Ficção Científica"],"duration":120,"classification":"Livre","poster":"poster_teste.jpg","releaseDate":"2025-10-09T00:00:00.000Z","createdAt":"2025-10-10T01:09:51.304Z","updatedAt":"2025-10-10T01:09:51.304Z","__v":0,"sessions":[],"id":"68e85cdfdc637a36a87b42cd"}} 
 </msg>
<msg time="2025-10-09T23:17:21.963336" level="INFO">${resposta} = &lt;Response [200]&gt;</msg>
<var>${resposta}</var>
<arg>cinema</arg>
<arg>/movies/${movie_id}</arg>
<arg>expected_status=${status_esperado}</arg>
<doc>Sends a GET request on a previously created HTTP Session.</doc>
<status status="PASS" start="2025-10-09T23:17:21.846726" elapsed="0.116666"/>
</kw>
<return>
<value>${resposta}</value>
<status status="PASS" start="2025-10-09T23:17:21.963514" elapsed="0.000071"/>
</return>
<msg time="2025-10-09T23:17:21.963884" level="INFO">${resp_filme} = &lt;Response [200]&gt;</msg>
<var>${resp_filme}</var>
<arg>${id_primeiro_filme}</arg>
<arg>200</arg>
<status status="PASS" start="2025-10-09T23:17:21.845825" elapsed="0.118112"/>
</kw>
<kw name="Conferência de filme unico" owner="check">
<kw name="Dictionary Should Contain Key" owner="Collections">
<arg>${response['data']}</arg>
<arg>_id</arg>
<doc>Fails if ``key`` is not found from ``dictionary``.</doc>
<status status="PASS" start="2025-10-09T23:17:21.966097" elapsed="0.000920"/>
</kw>
<kw name="Dictionary Should Contain Key" owner="Collections">
<arg>${response['data']}</arg>
<arg>title</arg>
<doc>Fails if ``key`` is not found from ``dictionary``.</doc>
<status status="PASS" start="2025-10-09T23:17:21.967286" elapsed="0.000889"/>
</kw>
<kw name="Dictionary Should Contain Key" owner="Collections">
<arg>${response['data']}</arg>
<arg>director</arg>
<doc>Fails if ``key`` is not found from ``dictionary``.</doc>
<status status="PASS" start="2025-10-09T23:17:21.968423" elapsed="0.000875"/>
</kw>
<kw name="Should Be Equal As Strings" owner="BuiltIn">
<arg>${response['data']['_id']}</arg>
<arg>${id_esperado}</arg>
<doc>Fails if objects are unequal after converting them to strings.</doc>
<status status="PASS" start="2025-10-09T23:17:21.969545" elapsed="0.000955"/>
</kw>
<arg>${resp_filme.json()}</arg>
<arg>${id_primeiro_filme}</arg>
<status status="PASS" start="2025-10-09T23:17:21.964626" elapsed="0.006001"/>
</kw>
<tag>GET</tag>
<tag>ID</tag>
<tag>MOVIES</tag>
<status status="PASS" start="2025-10-09T23:17:21.727843" elapsed="0.243193"/>
</test>
<test id="s1-s1-t3" name="CT-API-014: Criar um novo filme como adm" line="22">
<kw name="iniciar sessao" owner="common" type="SETUP">
<kw name="Create Dictionary" owner="BuiltIn">
<msg time="2025-10-09T23:17:21.977538" level="INFO">${headers} = {'Content-Type': 'application/json'}</msg>
<var>${headers}</var>
<arg>Content-Type=application/json</arg>
<doc>Creates and returns a dictionary based on the given ``items``.</doc>
<status status="PASS" start="2025-10-09T23:17:21.976985" elapsed="0.000638"/>
</kw>
<kw name="Create Session" owner="RequestsLibrary">
<msg time="2025-10-09T23:17:21.978538" level="INFO">Creating Session using : alias=cinema, url=http://localhost:3000/api/v1, headers={'Content-Type': 'application/json'},                     cookies={}, auth=None, timeout=None, proxies=None, verify=False,                     debug=0 </msg>
<arg>cinema</arg>
<arg>${BASE_URL}</arg>
<arg>headers=${headers}</arg>
<doc>Create Session: create a HTTP session to a server</doc>
<status status="PASS" start="2025-10-09T23:17:21.977990" elapsed="0.000882"/>
</kw>
<status status="PASS" start="2025-10-09T23:17:21.976223" elapsed="0.002845"/>
</kw>
<kw name="Cadastrar adm" owner="user-page">
<kw name="importar json estatico" owner="common">
<kw name="Load Json From File" owner="JSONLibrary">
<msg time="2025-10-09T23:17:21.982947" level="INFO">${json} = {'usuario_valido': {'name': 'Andressa Mota', 'email': 'usuario_valido@teste.com', 'password': 'Senha123'}, 'usuario_duplicado': {'name': 'Usuario Duplicado', 'email': 'usuario_duplicado@teste.com', 'p...</msg>
<var>${json}</var>
<arg>C:\\Users\\Andressa\\Documents\\challenge-final\\-challenge-Final\\tests-api\\resources\\libs/fixtures/${nome_arquivo}</arg>
<arg>encoding=UTF-8</arg>
<doc>Load JSON from file.</doc>
<status status="PASS" start="2025-10-09T23:17:21.981276" elapsed="0.001774"/>
</kw>
<return>
<value>${json}</value>
<status status="PASS" start="2025-10-09T23:17:21.983221" elapsed="0.000089"/>
</return>
<msg time="2025-10-09T23:17:21.983798" level="INFO">${json} = {'usuario_valido': {'name': 'Andressa Mota', 'email': 'usuario_valido@teste.com', 'password': 'Senha123'}, 'usuario_duplicado': {'name': 'Usuario Duplicado', 'email': 'usuario_duplicado@teste.com', 'p...</msg>
<var>${json}</var>
<arg>user.json</arg>
<status status="PASS" start="2025-10-09T23:17:21.980615" elapsed="0.003307"/>
</kw>
<kw name="Get From Dictionary" owner="Collections">
<msg time="2025-10-09T23:17:21.985428" level="INFO">${body} = {'name': 'Admin User', 'email': 'admin@example.com', 'password': 'admin123'}</msg>
<var>${body}</var>
<arg>${json}</arg>
<arg>usuario_adm</arg>
<doc>Returns a value from the given ``dictionary`` based on the given ``key``.</doc>
<status status="PASS" start="2025-10-09T23:17:21.984338" elapsed="0.001185"/>
</kw>
<kw name="Get From Dictionary" owner="Collections">
<msg time="2025-10-09T23:17:21.986961" level="INFO">${password} = admin123</msg>
<var>${password}</var>
<arg>${body}</arg>
<arg>password</arg>
<doc>Returns a value from the given ``dictionary`` based on the given ``key``.</doc>
<status status="PASS" start="2025-10-09T23:17:21.986174" elapsed="0.000946"/>
</kw>
<kw name="Generate Random String" owner="String">
<msg time="2025-10-09T23:17:21.988595" level="INFO">${email_rand} = gyaiox</msg>
<var>${email_rand}</var>
<arg>6</arg>
<arg>[LOWER]</arg>
<doc>Generates a string with a desired ``length`` from the given ``chars``.</doc>
<status status="PASS" start="2025-10-09T23:17:21.987545" elapsed="0.001293"/>
</kw>
<kw name="Set Variable" owner="BuiltIn">
<msg time="2025-10-09T23:17:21.990489" level="INFO">${email} = gyaioxadm@mail.com</msg>
<var>${email}</var>
<arg>${email_rand}adm@mail.com</arg>
<doc>Returns the given values which can then be assigned to a variables.</doc>
<status status="PASS" start="2025-10-09T23:17:21.989861" elapsed="0.000719"/>
</kw>
<kw name="Set To Dictionary" owner="Collections">
<arg>${body}</arg>
<arg>email</arg>
<arg>${email}</arg>
<doc>Adds the given ``key_value_pairs`` and/or ``items`` to the ``dictionary``.</doc>
<status status="PASS" start="2025-10-09T23:17:21.991111" elapsed="0.000634"/>
</kw>
<kw name="Generate Random String" owner="String">
<msg time="2025-10-09T23:17:21.993154" level="INFO">${nome_rand} = htrg</msg>
<var>${nome_rand}</var>
<arg>4</arg>
<arg>[LOWER]</arg>
<doc>Generates a string with a desired ``length`` from the given ``chars``.</doc>
<status status="PASS" start="2025-10-09T23:17:21.992212" elapsed="0.001052"/>
</kw>
<kw name="Set To Dictionary" owner="Collections">
<arg>${body}</arg>
<arg>name</arg>
<arg>${nome_rand}admtester</arg>
<doc>Adds the given ``key_value_pairs`` and/or ``items`` to the ``dictionary``.</doc>
<status status="PASS" start="2025-10-09T23:17:21.993703" elapsed="0.000985"/>
</kw>
<kw name="POST On Session" owner="RequestsLibrary">
<msg time="2025-10-09T23:17:22.320314" level="INFO">POST Request : url=http://localhost:3000/api/v1/setup/admin 
 path_url=/api/v1/setup/admin 
 headers={'User-Agent': 'python-requests/2.32.5', 'Accept-Encoding': 'gzip, deflate', 'Accept': '*/*', 'Connection': 'keep-alive', 'Content-Type': 'application/json', 'Content-Length': '80'} 
 body=b'{"name": "htrgadmtester", "email": "gyaioxadm@mail.com", "password": "admin123"}' 
 </msg>
<msg time="2025-10-09T23:17:22.320585" level="INFO">POST Response : url=http://localhost:3000/api/v1/setup/admin 
 status=201, reason=Created 
 headers={'X-Powered-By': 'Express', 'Access-Control-Allow-Origin': '*', 'Content-Type': 'application/json; charset=utf-8', 'Content-Length': '169', 'ETag': 'W/"a9-iLJZBEbwMSq5+h08r6S7CB3qrMI"', 'Date': 'Fri, 10 Oct 2025 02:17:22 GMT', 'Connection': 'keep-alive', 'Keep-Alive': 'timeout=5'} 
 body={"success":true,"message":"Admin user created successfully","data":{"_id":"68e86cb2dc637a36a87b4311","name":"htrgadmtester","email":"gyaioxadm@mail.com","role":"admin"}} 
 </msg>
<msg time="2025-10-09T23:17:22.320976" level="INFO">${resposta} = &lt;Response [201]&gt;</msg>
<var>${resposta}</var>
<arg>cinema</arg>
<arg>/setup/admin</arg>
<arg>json=${body}</arg>
<arg>expected_status=${status_esperado}</arg>
<doc>Sends a POST request on a previously created HTTP Session.</doc>
<status status="PASS" start="2025-10-09T23:17:21.995268" elapsed="0.325809"/>
</kw>
<kw name="Create Dictionary" owner="BuiltIn">
<msg time="2025-10-09T23:17:22.323402" level="INFO">${credenciais} = {'email': 'gyaioxadm@mail.com', 'password': 'admin123'}</msg>
<var>${credenciais}</var>
<arg>email=${email}</arg>
<arg>password=${password}</arg>
<doc>Creates and returns a dictionary based on the given ``items``.</doc>
<status status="PASS" start="2025-10-09T23:17:22.321637" elapsed="0.001938"/>
</kw>
<return>
<value>${resposta}</value>
<value>${credenciais}</value>
<status status="PASS" start="2025-10-09T23:17:22.323938" elapsed="0.000207"/>
</return>
<msg time="2025-10-09T23:17:22.325302" level="INFO">${resp_cadastro_adm} = &lt;Response [201]&gt;</msg>
<msg time="2025-10-09T23:17:22.325675" level="INFO">${credenciais_adm} = {'email': 'gyaioxadm@mail.com', 'password': 'admin123'}</msg>
<var>${resp_cadastro_adm}</var>
<var>${credenciais_adm}</var>
<arg>201</arg>
<status status="PASS" start="2025-10-09T23:17:21.979824" elapsed="0.346011"/>
</kw>
<kw name="Login com credenciais" owner="user-page">
<kw name="Create Dictionary" owner="BuiltIn">
<msg time="2025-10-09T23:17:22.331109" level="INFO">${body} = {'email': 'gyaioxadm@mail.com', 'password': 'admin123'}</msg>
<var>${body}</var>
<arg>email=${email}</arg>
<arg>password=${password}</arg>
<doc>Creates and returns a dictionary based on the given ``items``.</doc>
<status status="PASS" start="2025-10-09T23:17:22.330241" elapsed="0.000980"/>
</kw>
<kw name="POST On Session" owner="RequestsLibrary">
<msg time="2025-10-09T23:17:22.547852" level="INFO">POST Request : url=http://localhost:3000/api/v1/auth/login 
 path_url=/api/v1/auth/login 
 headers={'User-Agent': 'python-requests/2.32.5', 'Accept-Encoding': 'gzip, deflate', 'Accept': '*/*', 'Connection': 'keep-alive', 'Content-Type': 'application/json', 'Content-Length': '55'} 
 body=b'{"email": "gyaioxadm@mail.com", "password": "admin123"}' 
 </msg>
<msg time="2025-10-09T23:17:22.547997" level="INFO">POST Response : url=http://localhost:3000/api/v1/auth/login 
 status=200, reason=OK 
 headers={'X-Powered-By': 'Express', 'Access-Control-Allow-Origin': '*', 'Content-Type': 'application/json; charset=utf-8', 'Content-Length': '307', 'ETag': 'W/"133-6sbqeyG3KUvneB74p0Y8NYPNBFQ"', 'Date': 'Fri, 10 Oct 2025 02:17:22 GMT', 'Connection': 'keep-alive', 'Keep-Alive': 'timeout=5'} 
 body={"success":true,"data":{"_id":"68e86cb2dc637a36a87b4311","name":"htrgadmtester","email":"gyaioxadm@mail.com","role":"admin","token":"eyJhbGciOiJIUzI1NiIsInR5cCI6IkpXVCJ9.eyJpZCI6IjY4ZTg2Y2IyZGM2MzdhMzZhODdiNDMxMSIsImlhdCI6MTc2MDA2MjY0MiwiZXhwIjoxNzYwMTQ5MDQyfQ.jJO7bgNPpzLtvrML1qDbExu-1tSdOgUMK0D40BVz8Wk"}} 
 </msg>
<msg time="2025-10-09T23:17:22.548259" level="INFO">${resposta} = &lt;Response [200]&gt;</msg>
<var>${resposta}</var>
<arg>cinema</arg>
<arg>/auth/login</arg>
<arg>json=${body}</arg>
<arg>expected_status=${status_esperado}</arg>
<doc>Sends a POST request on a previously created HTTP Session.</doc>
<status status="PASS" start="2025-10-09T23:17:22.331659" elapsed="0.216655"/>
</kw>
<return>
<value>${resposta}</value>
<status status="PASS" start="2025-10-09T23:17:22.548444" elapsed="0.000082"/>
</return>
<msg time="2025-10-09T23:17:22.548854" level="INFO">${resp_login_adm} = &lt;Response [200]&gt;</msg>
<var>${resp_login_adm}</var>
<arg>${credenciais_adm['email']}</arg>
<arg>${credenciais_adm['password']}</arg>
<arg>200</arg>
<status status="PASS" start="2025-10-09T23:17:22.326927" elapsed="0.221982"/>
</kw>
<kw name="Set Variable" owner="BuiltIn">
<msg time="2025-10-09T23:17:22.550862" level="INFO">${token_adm} = eyJhbGciOiJIUzI1NiIsInR5cCI6IkpXVCJ9.eyJpZCI6IjY4ZTg2Y2IyZGM2MzdhMzZhODdiNDMxMSIsImlhdCI6MTc2MDA2MjY0MiwiZXhwIjoxNzYwMTQ5MDQyfQ.jJO7bgNPpzLtvrML1qDbExu-1tSdOgUMK0D40BVz8Wk</msg>
<var>${token_adm}</var>
<arg>${resp_login_adm.json()['data']['token']}</arg>
<doc>Returns the given values which can then be assigned to a variables.</doc>
<status status="PASS" start="2025-10-09T23:17:22.549526" elapsed="0.001416"/>
</kw>
<kw name="Generate Random String" owner="String">
<msg time="2025-10-09T23:17:22.551934" level="INFO">${random_string} = SMOTNTCM</msg>
<var>${random_string}</var>
<arg>8</arg>
<arg>[UPPER]</arg>
<doc>Generates a string with a desired ``length`` from the given ``chars``.</doc>
<status status="PASS" start="2025-10-09T23:17:22.551454" elapsed="0.000537"/>
</kw>
<kw name="Set Variable" owner="BuiltIn">
<msg time="2025-10-09T23:17:22.552760" level="INFO">${titulo_filme} = Filme de Teste SMOTNTCM</msg>
<var>${titulo_filme}</var>
<arg>Filme de Teste ${random_string}</arg>
<doc>Returns the given values which can then be assigned to a variables.</doc>
<status status="PASS" start="2025-10-09T23:17:22.552426" elapsed="0.000396"/>
</kw>
<kw name="Create List" owner="BuiltIn">
<msg time="2025-10-09T23:17:22.553550" level="INFO">@{generos} = [ Ação | Ficção Científica ]</msg>
<var>@{generos}</var>
<arg>Ação</arg>
<arg>Ficção Científica</arg>
<doc>Returns a list containing given items.</doc>
<status status="PASS" start="2025-10-09T23:17:22.553235" elapsed="0.000372"/>
</kw>
<kw name="Create Dictionary" owner="BuiltIn">
<msg time="2025-10-09T23:17:22.554680" level="INFO">${dados_do_filme} = {'title': 'Filme de Teste SMOTNTCM', 'synopsis': 'Sinopse de um filme.', 'director': 'Tester Diretor', 'genres': ['Ação', 'Ficção Científica'], 'duration': '120', 'classification': 'Livre', 'poster': ...</msg>
<var>${dados_do_filme}</var>
<arg>title=${titulo_filme}</arg>
<arg>synopsis=Sinopse de um filme.</arg>
<arg>director=Tester Diretor</arg>
<arg>genres=${generos}</arg>
<arg>duration=120</arg>
<arg>classification=Livre</arg>
<arg>poster=poster_teste.jpg</arg>
<arg>releaseDate=2025-10-09</arg>
<doc>Creates and returns a dictionary based on the given ``items``.</doc>
<status status="PASS" start="2025-10-09T23:17:22.554004" elapsed="0.000766"/>
</kw>
<kw name="Criar filme com token" owner="films-page">
<kw name="Create Dictionary" owner="BuiltIn">
<msg time="2025-10-09T23:17:22.557244" level="INFO">${headers} = {'Authorization': 'Bearer eyJhbGciOiJIUzI1NiIsInR5cCI6IkpXVCJ9.eyJpZCI6IjY4ZTg2Y2IyZGM2MzdhMzZhODdiNDMxMSIsImlhdCI6MTc2MDA2MjY0MiwiZXhwIjoxNzYwMTQ5MDQyfQ.jJO7bgNPpzLtvrML1qDbExu-1tSdOgUMK0D40BVz8Wk'}</msg>
<var>${headers}</var>
<arg>Authorization=Bearer ${token}</arg>
<doc>Creates and returns a dictionary based on the given ``items``.</doc>
<status status="PASS" start="2025-10-09T23:17:22.556625" elapsed="0.000705"/>
</kw>
<kw name="POST On Session" owner="RequestsLibrary">
<msg time="2025-10-09T23:17:22.665497" level="INFO">POST Request : url=http://localhost:3000/api/v1/movies 
 path_url=/api/v1/movies 
 headers={'User-Agent': 'python-requests/2.32.5', 'Accept-Encoding': 'gzip, deflate', 'Accept': '*/*', 'Connection': 'keep-alive', 'Content-Type': 'application/json', 'Authorization': 'Bearer eyJhbGciOiJIUzI1NiIsInR5cCI6IkpXVCJ9.eyJpZCI6IjY4ZTg2Y2IyZGM2MzdhMzZhODdiNDMxMSIsImlhdCI6MTc2MDA2MjY0MiwiZXhwIjoxNzYwMTQ5MDQyfQ.jJO7bgNPpzLtvrML1qDbExu-1tSdOgUMK0D40BVz8Wk', 'Content-Length': '273'} 
 body=b'{"title": "Filme de Teste SMOTNTCM", "synopsis": "Sinopse de um filme.", "director": "Tester Diretor", "genres": ["A\\u00e7\\u00e3o", "Fic\\u00e7\\u00e3o Cient\\u00edfica"], "duration": "120", "classification": "Livre", "poster": "poster_teste.jpg", "releaseDate": "2025-10-09"}' 
 </msg>
<msg time="2025-10-09T23:17:22.665749" level="INFO">POST Response : url=http://localhost:3000/api/v1/movies 
 status=201, reason=Created 
 headers={'X-Powered-By': 'Express', 'Access-Control-Allow-Origin': '*', 'Content-Type': 'application/json; charset=utf-8', 'Content-Length': '424', 'ETag': 'W/"1a8-xwhYkxWjebSBFcQP2l+hMjxDztg"', 'Date': 'Fri, 10 Oct 2025 02:17:22 GMT', 'Connection': 'keep-alive', 'Keep-Alive': 'timeout=5'} 
 body={"success":true,"data":{"title":"Filme de Teste SMOTNTCM","synopsis":"Sinopse de um filme.","director":"Tester Diretor","genres":["Ação","Ficção Científica"],"duration":120,"classification":"Livre","poster":"poster_teste.jpg","releaseDate":"2025-10-09T00:00:00.000Z","_id":"68e86cb2dc637a36a87b4315","createdAt":"2025-10-10T02:17:22.614Z","updatedAt":"2025-10-10T02:17:22.614Z","__v":0,"id":"68e86cb2dc637a36a87b4315"}} 
 </msg>
<msg time="2025-10-09T23:17:22.666227" level="INFO">${resposta} = &lt;Response [201]&gt;</msg>
<var>${resposta}</var>
<arg>cinema</arg>
<arg>/movies</arg>
<arg>json=${dados_do_filme}</arg>
<arg>headers=${headers}</arg>
<arg>expected_status=${status_esperado}</arg>
<doc>Sends a POST request on a previously created HTTP Session.</doc>
<status status="PASS" start="2025-10-09T23:17:22.557912" elapsed="0.108421"/>
</kw>
<return>
<value>${resposta}</value>
<status status="PASS" start="2025-10-09T23:17:22.666593" elapsed="0.000152"/>
</return>
<msg time="2025-10-09T23:17:22.667268" level="INFO">${resp_create} = &lt;Response [201]&gt;</msg>
<var>${resp_create}</var>
<arg>${token_adm}</arg>
<arg>${dados_do_filme}</arg>
<arg>201</arg>
<status status="PASS" start="2025-10-09T23:17:22.555546" elapsed="0.111864"/>
</kw>
<kw name="Conferência de filme criado" owner="check">
<kw name="Should Be True" owner="BuiltIn">
<arg>${response['success']}</arg>
<doc>Fails if the given condition is not true.</doc>
<status status="PASS" start="2025-10-09T23:17:22.672958" elapsed="0.001680"/>
</kw>
<kw name="Dictionary Should Contain Key" owner="Collections">
<arg>${response}</arg>
<arg>data</arg>
<doc>Fails if ``key`` is not found from ``dictionary``.</doc>
<status status="PASS" start="2025-10-09T23:17:22.675138" elapsed="0.000596"/>
</kw>
<kw name="Set Variable" owner="BuiltIn">
<msg time="2025-10-09T23:17:22.678119" level="INFO">${filme_criado} = {'title': 'Filme de Teste SMOTNTCM', 'synopsis': 'Sinopse de um filme.', 'director': 'Tester Diretor', 'genres': ['Ação', 'Ficção Científica'], 'duration': 120, 'classification': 'Livre', 'poster': 'p...</msg>
<var>${filme_criado}</var>
<arg>${response['data']}</arg>
<doc>Returns the given values which can then be assigned to a variables.</doc>
<status status="PASS" start="2025-10-09T23:17:22.676240" elapsed="0.002039"/>
</kw>
<kw name="Dictionary Should Contain Key" owner="Collections">
<arg>${filme_criado}</arg>
<arg>_id</arg>
<doc>Fails if ``key`` is not found from ``dictionary``.</doc>
<status status="PASS" start="2025-10-09T23:17:22.678709" elapsed="0.000552"/>
</kw>
<kw name="Dictionary Should Contain Key" owner="Collections">
<arg>${filme_criado}</arg>
<arg>title</arg>
<doc>Fails if ``key`` is not found from ``dictionary``.</doc>
<status status="PASS" start="2025-10-09T23:17:22.679731" elapsed="0.000486"/>
</kw>
<kw name="Should Be Equal As Strings" owner="BuiltIn">
<arg>${filme_criado['title']}</arg>
<arg>${dados_enviados['title']}</arg>
<doc>Fails if objects are unequal after converting them to strings.</doc>
<status status="PASS" start="2025-10-09T23:17:22.680700" elapsed="0.003085"/>
</kw>
<arg>${resp_create.json()}</arg>
<arg>${dados_do_filme}</arg>
<status status="PASS" start="2025-10-09T23:17:22.669318" elapsed="0.014716"/>
</kw>
<tag>ADM</tag>
<tag>MOVIES</tag>
<tag>POST</tag>
<status status="PASS" start="2025-10-09T23:17:21.973295" elapsed="0.711443"/>
</test>
<test id="s1-s1-t4" name="CT-API-015: Usuário comum não deve criar um novo filme" line="43">
<kw name="iniciar sessao" owner="common" type="SETUP">
<kw name="Create Dictionary" owner="BuiltIn">
<msg time="2025-10-09T23:17:22.692059" level="INFO">${headers} = {'Content-Type': 'application/json'}</msg>
<var>${headers}</var>
<arg>Content-Type=application/json</arg>
<doc>Creates and returns a dictionary based on the given ``items``.</doc>
<status status="PASS" start="2025-10-09T23:17:22.691261" elapsed="0.000940"/>
</kw>
<kw name="Create Session" owner="RequestsLibrary">
<msg time="2025-10-09T23:17:22.693562" level="INFO">Creating Session using : alias=cinema, url=http://localhost:3000/api/v1, headers={'Content-Type': 'application/json'},                     cookies={}, auth=None, timeout=None, proxies=None, verify=False,                     debug=0 </msg>
<arg>cinema</arg>
<arg>${BASE_URL}</arg>
<arg>headers=${headers}</arg>
<doc>Create Session: create a HTTP session to a server</doc>
<status status="PASS" start="2025-10-09T23:17:22.692740" elapsed="0.001380"/>
</kw>
<status status="PASS" start="2025-10-09T23:17:22.689836" elapsed="0.004534"/>
</kw>
<kw name="Cadastrar usuario valido e retornar credenciais" owner="user-page">
<kw name="importar json estatico" owner="common">
<kw name="Load Json From File" owner="JSONLibrary">
<msg time="2025-10-09T23:17:22.700316" level="INFO">${json} = {'usuario_valido': {'name': 'Andressa Mota', 'email': 'usuario_valido@teste.com', 'password': 'Senha123'}, 'usuario_duplicado': {'name': 'Usuario Duplicado', 'email': 'usuario_duplicado@teste.com', 'p...</msg>
<var>${json}</var>
<arg>C:\\Users\\Andressa\\Documents\\challenge-final\\-challenge-Final\\tests-api\\resources\\libs/fixtures/${nome_arquivo}</arg>
<arg>encoding=UTF-8</arg>
<doc>Load JSON from file.</doc>
<status status="PASS" start="2025-10-09T23:17:22.698479" elapsed="0.002070"/>
</kw>
<return>
<value>${json}</value>
<status status="PASS" start="2025-10-09T23:17:22.701610" elapsed="0.000270"/>
</return>
<msg time="2025-10-09T23:17:22.703056" level="INFO">${json} = {'usuario_valido': {'name': 'Andressa Mota', 'email': 'usuario_valido@teste.com', 'password': 'Senha123'}, 'usuario_duplicado': {'name': 'Usuario Duplicado', 'email': 'usuario_duplicado@teste.com', 'p...</msg>
<var>${json}</var>
<arg>user.json</arg>
<status status="PASS" start="2025-10-09T23:17:22.697688" elapsed="0.005483"/>
</kw>
<kw name="Get From Dictionary" owner="Collections">
<msg time="2025-10-09T23:17:22.704821" level="INFO">${body} = {'name': 'Andressa Mota', 'email': 'usuario_valido@teste.com', 'password': 'Senha123'}</msg>
<var>${body}</var>
<arg>${json}</arg>
<arg>usuario_valido</arg>
<doc>Returns a value from the given ``dictionary`` based on the given ``key``.</doc>
<status status="PASS" start="2025-10-09T23:17:22.704001" elapsed="0.000924"/>
</kw>
<kw name="Get From Dictionary" owner="Collections">
<msg time="2025-10-09T23:17:22.705970" level="INFO">${password} = Senha123</msg>
<var>${password}</var>
<arg>${body}</arg>
<arg>password</arg>
<doc>Returns a value from the given ``dictionary`` based on the given ``key``.</doc>
<status status="PASS" start="2025-10-09T23:17:22.705341" elapsed="0.000729"/>
</kw>
<kw name="Generate Random String" owner="String">
<msg time="2025-10-09T23:17:22.707032" level="INFO">${email_rand} = annzox</msg>
<var>${email_rand}</var>
<arg>6</arg>
<arg>[LOWER]</arg>
<doc>Generates a string with a desired ``length`` from the given ``chars``.</doc>
<status status="PASS" start="2025-10-09T23:17:22.706435" elapsed="0.000804"/>
</kw>
<kw name="Set Variable" owner="BuiltIn">
<msg time="2025-10-09T23:17:22.708248" level="INFO">${email} = annzox@mail.com</msg>
<var>${email}</var>
<arg>${email_rand}@mail.com</arg>
<doc>Returns the given values which can then be assigned to a variables.</doc>
<status status="PASS" start="2025-10-09T23:17:22.707673" elapsed="0.000916"/>
</kw>
<kw name="Set To Dictionary" owner="Collections">
<arg>${body}</arg>
<arg>email</arg>
<arg>${email}</arg>
<doc>Adds the given ``key_value_pairs`` and/or ``items`` to the ``dictionary``.</doc>
<status status="PASS" start="2025-10-09T23:17:22.709322" elapsed="0.000720"/>
</kw>
<kw name="POST On Session" owner="RequestsLibrary">
<msg time="2025-10-09T23:17:22.954116" level="INFO">POST Request : url=http://localhost:3000/api/v1/auth/register 
 path_url=/api/v1/auth/register 
 headers={'User-Agent': 'python-requests/2.32.5', 'Accept-Encoding': 'gzip, deflate', 'Accept': '*/*', 'Connection': 'keep-alive', 'Content-Type': 'application/json', 'Content-Length': '77'} 
 body=b'{"name": "Andressa Mota", "email": "annzox@mail.com", "password": "Senha123"}' 
 </msg>
<msg time="2025-10-09T23:17:22.954308" level="INFO">POST Response : url=http://localhost:3000/api/v1/auth/register 
 status=201, reason=Created 
 headers={'X-Powered-By': 'Express', 'Access-Control-Allow-Origin': '*', 'Content-Type': 'application/json; charset=utf-8', 'Content-Length': '303', 'ETag': 'W/"12f-2hhWe680/Y56K500s23Y3Sz04YI"', 'Date': 'Fri, 10 Oct 2025 02:17:22 GMT', 'Connection': 'keep-alive', 'Keep-Alive': 'timeout=5'} 
 body={"success":true,"data":{"_id":"68e86cb2dc637a36a87b4318","name":"Andressa Mota","email":"annzox@mail.com","role":"user","token":"eyJhbGciOiJIUzI1NiIsInR5cCI6IkpXVCJ9.eyJpZCI6IjY4ZTg2Y2IyZGM2MzdhMzZhODdiNDMxOCIsImlhdCI6MTc2MDA2MjY0MiwiZXhwIjoxNzYwMTQ5MDQyfQ.S4vYHyPAQgPbfYNafjZVdHT_SzWTqHTXyyROakZ6ye4"}} 
 </msg>
<msg time="2025-10-09T23:17:22.954699" level="INFO">${resposta} = &lt;Response [201]&gt;</msg>
<var>${resposta}</var>
<arg>cinema</arg>
<arg>/auth/register</arg>
<arg>json=${body}</arg>
<arg>expected_status=${status_esperado}</arg>
<doc>Sends a POST request on a previously created HTTP Session.</doc>
<status status="PASS" start="2025-10-09T23:17:22.710630" elapsed="0.244171"/>
</kw>
<kw name="Create Dictionary" owner="BuiltIn">
<msg time="2025-10-09T23:17:22.956024" level="INFO">${credenciais} = {'email': 'annzox@mail.com', 'password': 'Senha123'}</msg>
<var>${credenciais}</var>
<arg>email=${email}</arg>
<arg>password=${password}</arg>
<doc>Creates and returns a dictionary based on the given ``items``.</doc>
<status status="PASS" start="2025-10-09T23:17:22.955244" elapsed="0.000860"/>
</kw>
<return>
<value>${resposta}</value>
<value>${credenciais}</value>
<status status="PASS" start="2025-10-09T23:17:22.956258" elapsed="0.000076"/>
</return>
<msg time="2025-10-09T23:17:22.956704" level="INFO">${resp_cadastro_user} = &lt;Response [201]&gt;</msg>
<msg time="2025-10-09T23:17:22.956784" level="INFO">${credenciais_user} = {'email': 'annzox@mail.com', 'password': 'Senha123'}</msg>
<var>${resp_cadastro_user}</var>
<var>${credenciais_user}</var>
<arg>201</arg>
<status status="PASS" start="2025-10-09T23:17:22.695252" elapsed="0.261569"/>
</kw>
<kw name="Login com credenciais" owner="user-page">
<kw name="Create Dictionary" owner="BuiltIn">
<msg time="2025-10-09T23:17:22.959673" level="INFO">${body} = {'email': 'annzox@mail.com', 'password': 'Senha123'}</msg>
<var>${body}</var>
<arg>email=${email}</arg>
<arg>password=${password}</arg>
<doc>Creates and returns a dictionary based on the given ``items``.</doc>
<status status="PASS" start="2025-10-09T23:17:22.959220" elapsed="0.000505"/>
</kw>
<kw name="POST On Session" owner="RequestsLibrary">
<msg time="2025-10-09T23:17:23.136730" level="INFO">POST Request : url=http://localhost:3000/api/v1/auth/login 
 path_url=/api/v1/auth/login 
 headers={'User-Agent': 'python-requests/2.32.5', 'Accept-Encoding': 'gzip, deflate', 'Accept': '*/*', 'Connection': 'keep-alive', 'Content-Type': 'application/json', 'Content-Length': '52'} 
 body=b'{"email": "annzox@mail.com", "password": "Senha123"}' 
 </msg>
<msg time="2025-10-09T23:17:23.136862" level="INFO">POST Response : url=http://localhost:3000/api/v1/auth/login 
 status=200, reason=OK 
 headers={'X-Powered-By': 'Express', 'Access-Control-Allow-Origin': '*', 'Content-Type': 'application/json; charset=utf-8', 'Content-Length': '303', 'ETag': 'W/"12f-Szm6qsw0RvN8uU27Y1R7rDbLbR0"', 'Date': 'Fri, 10 Oct 2025 02:17:23 GMT', 'Connection': 'keep-alive', 'Keep-Alive': 'timeout=5'} 
 body={"success":true,"data":{"_id":"68e86cb2dc637a36a87b4318","name":"Andressa Mota","email":"annzox@mail.com","role":"user","token":"eyJhbGciOiJIUzI1NiIsInR5cCI6IkpXVCJ9.eyJpZCI6IjY4ZTg2Y2IyZGM2MzdhMzZhODdiNDMxOCIsImlhdCI6MTc2MDA2MjY0MywiZXhwIjoxNzYwMTQ5MDQzfQ.yv6rAXr0C4RQaJ8Nnq0HnBm4-fz6bI145dUPCujDteM"}} 
 </msg>
<msg time="2025-10-09T23:17:23.137060" level="INFO">${resposta} = &lt;Response [200]&gt;</msg>
<var>${resposta}</var>
<arg>cinema</arg>
<arg>/auth/login</arg>
<arg>json=${body}</arg>
<arg>expected_status=${status_esperado}</arg>
<doc>Sends a POST request on a previously created HTTP Session.</doc>
<status status="PASS" start="2025-10-09T23:17:22.959947" elapsed="0.177160"/>
</kw>
<return>
<value>${resposta}</value>
<status status="PASS" start="2025-10-09T23:17:23.137228" elapsed="0.000052"/>
</return>
<msg time="2025-10-09T23:17:23.137538" level="INFO">${resp_login_user} = &lt;Response [200]&gt;</msg>
<var>${resp_login_user}</var>
<arg>${credenciais_user['email']}</arg>
<arg>${credenciais_user['password']}</arg>
<arg>200</arg>
<status status="PASS" start="2025-10-09T23:17:22.957435" elapsed="0.180148"/>
</kw>
<kw name="Set Variable" owner="BuiltIn">
<msg time="2025-10-09T23:17:23.139009" level="INFO">${token_comum} = eyJhbGciOiJIUzI1NiIsInR5cCI6IkpXVCJ9.eyJpZCI6IjY4ZTg2Y2IyZGM2MzdhMzZhODdiNDMxOCIsImlhdCI6MTc2MDA2MjY0MywiZXhwIjoxNzYwMTQ5MDQzfQ.yv6rAXr0C4RQaJ8Nnq0HnBm4-fz6bI145dUPCujDteM</msg>
<var>${token_comum}</var>
<arg>${resp_login_user.json()['data']['token']}</arg>
<doc>Returns the given values which can then be assigned to a variables.</doc>
<status status="PASS" start="2025-10-09T23:17:23.138086" elapsed="0.000978"/>
</kw>
<kw name="Generate Random String" owner="String">
<msg time="2025-10-09T23:17:23.139771" level="INFO">${random_string} = SRYKBIVR</msg>
<var>${random_string}</var>
<arg>8</arg>
<arg>[UPPER]</arg>
<doc>Generates a string with a desired ``length`` from the given ``chars``.</doc>
<status status="PASS" start="2025-10-09T23:17:23.139434" elapsed="0.000386"/>
</kw>
<kw name="Set Variable" owner="BuiltIn">
<msg time="2025-10-09T23:17:23.140498" level="INFO">${titulo_filme} = Filme Proibido SRYKBIVR</msg>
<var>${titulo_filme}</var>
<arg>Filme Proibido ${random_string}</arg>
<doc>Returns the given values which can then be assigned to a variables.</doc>
<status status="PASS" start="2025-10-09T23:17:23.140196" elapsed="0.000349"/>
</kw>
<kw name="Create List" owner="BuiltIn">
<msg time="2025-10-09T23:17:23.141149" level="INFO">@{generos} = [ Drama ]</msg>
<var>@{generos}</var>
<arg>Drama</arg>
<doc>Returns a list containing given items.</doc>
<status status="PASS" start="2025-10-09T23:17:23.140896" elapsed="0.000299"/>
</kw>
<kw name="Create Dictionary" owner="BuiltIn">
<msg time="2025-10-09T23:17:23.142152" level="INFO">${dados_do_filme} = {'title': 'Filme Proibido SRYKBIVR', 'synopsis': 'Um usuário comum tenta criar este filme.', 'director': 'Diretor Comum', 'genres': ['Drama'], 'duration': '90', 'classification': '12', 'poster': 'post...</msg>
<var>${dados_do_filme}</var>
<arg>title=${titulo_filme}</arg>
<arg>synopsis=Um usuário comum tenta criar este filme.</arg>
<arg>director=Diretor Comum</arg>
<arg>genres=${generos}</arg>
<arg>duration=90</arg>
<arg>classification=12</arg>
<arg>poster=poster_proibido.jpg</arg>
<arg>releaseDate=2025-10-10</arg>
<doc>Creates and returns a dictionary based on the given ``items``.</doc>
<status status="PASS" start="2025-10-09T23:17:23.141559" elapsed="0.000645"/>
</kw>
<kw name="Criar filme com token" owner="films-page">
<kw name="Create Dictionary" owner="BuiltIn">
<msg time="2025-10-09T23:17:23.143738" level="INFO">${headers} = {'Authorization': 'Bearer eyJhbGciOiJIUzI1NiIsInR5cCI6IkpXVCJ9.eyJpZCI6IjY4ZTg2Y2IyZGM2MzdhMzZhODdiNDMxOCIsImlhdCI6MTc2MDA2MjY0MywiZXhwIjoxNzYwMTQ5MDQzfQ.yv6rAXr0C4RQaJ8Nnq0HnBm4-fz6bI145dUPCujDteM'}</msg>
<var>${headers}</var>
<arg>Authorization=Bearer ${token}</arg>
<doc>Creates and returns a dictionary based on the given ``items``.</doc>
<status status="PASS" start="2025-10-09T23:17:23.143370" elapsed="0.000419"/>
</kw>
<kw name="POST On Session" owner="RequestsLibrary">
<msg time="2025-10-09T23:17:23.195313" level="INFO">POST Request : url=http://localhost:3000/api/v1/movies 
 path_url=/api/v1/movies 
 headers={'User-Agent': 'python-requests/2.32.5', 'Accept-Encoding': 'gzip, deflate', 'Accept': '*/*', 'Connection': 'keep-alive', 'Content-Type': 'application/json', 'Authorization': 'Bearer eyJhbGciOiJIUzI1NiIsInR5cCI6IkpXVCJ9.eyJpZCI6IjY4ZTg2Y2IyZGM2MzdhMzZhODdiNDMxOCIsImlhdCI6MTc2MDA2MjY0MywiZXhwIjoxNzYwMTQ5MDQzfQ.yv6rAXr0C4RQaJ8Nnq0HnBm4-fz6bI145dUPCujDteM', 'Content-Length': '251'} 
 body=b'{"title": "Filme Proibido SRYKBIVR", "synopsis": "Um usu\\u00e1rio comum tenta criar este filme.", "director": "Diretor Comum", "genres": ["Drama"], "duration": "90", "classification": "12", "poster": "poster_proibido.jpg", "releaseDate": "2025-10-10"}' 
 </msg>
<msg time="2025-10-09T23:17:23.195435" level="INFO">POST Response : url=http://localhost:3000/api/v1/movies 
 status=403, reason=Forbidden 
 headers={'X-Powered-By': 'Express', 'Access-Control-Allow-Origin': '*', 'Content-Type': 'application/json; charset=utf-8', 'Content-Length': '83', 'ETag': 'W/"53-HQ7D0c09eB4A2u3nNjjh5szO0JM"', 'Date': 'Fri, 10 Oct 2025 02:17:23 GMT', 'Connection': 'keep-alive', 'Keep-Alive': 'timeout=5'} 
 body={"success":false,"message":"User role user is not authorized to access this route"} 
 </msg>
<msg time="2025-10-09T23:17:23.195625" level="INFO">${resposta} = &lt;Response [403]&gt;</msg>
<var>${resposta}</var>
<arg>cinema</arg>
<arg>/movies</arg>
<arg>json=${dados_do_filme}</arg>
<arg>headers=${headers}</arg>
<arg>expected_status=${status_esperado}</arg>
<doc>Sends a POST request on a previously created HTTP Session.</doc>
<status status="PASS" start="2025-10-09T23:17:23.143987" elapsed="0.051714"/>
</kw>
<return>
<value>${resposta}</value>
<status status="PASS" start="2025-10-09T23:17:23.195841" elapsed="0.000063"/>
</return>
<msg time="2025-10-09T23:17:23.196138" level="INFO">${resp_create} = &lt;Response [403]&gt;</msg>
<var>${resp_create}</var>
<arg>${token_comum}</arg>
<arg>${dados_do_filme}</arg>
<arg>403</arg>
<status status="PASS" start="2025-10-09T23:17:23.142780" elapsed="0.053403"/>
</kw>
<kw name="Conferência de erro" owner="check">
<kw name="Dictionary Should Contain Key" owner="Collections">
<arg>${response}</arg>
<arg>message</arg>
<doc>Fails if ``key`` is not found from ``dictionary``.</doc>
<status status="PASS" start="2025-10-09T23:17:23.198424" elapsed="0.000284"/>
</kw>
<kw name="Should Contain" owner="BuiltIn">
<arg>${response['message']}</arg>
<arg>${mensagem_esperada}</arg>
<doc>Fails if ``container`` does not contain ``item`` one or more times.</doc>
<status status="PASS" start="2025-10-09T23:17:23.198917" elapsed="0.000902"/>
</kw>
<arg>${resp_create.json()}</arg>
<arg>User role user is not authorized to access this route</arg>
<status status="PASS" start="2025-10-09T23:17:23.197111" elapsed="0.002826"/>
</kw>
<tag>MOVIES</tag>
<tag>POST</tag>
<status status="PASS" start="2025-10-09T23:17:22.687124" elapsed="0.513163"/>
</test>
<test id="s1-s1-t5" name="CT-API-016: Administrador deve atualizar um filme" line="63">
<kw name="iniciar sessao" owner="common" type="SETUP">
<kw name="Create Dictionary" owner="BuiltIn">
<msg time="2025-10-09T23:17:23.203085" level="INFO">${headers} = {'Content-Type': 'application/json'}</msg>
<var>${headers}</var>
<arg>Content-Type=application/json</arg>
<doc>Creates and returns a dictionary based on the given ``items``.</doc>
<status status="PASS" start="2025-10-09T23:17:23.202792" elapsed="0.000356"/>
</kw>
<kw name="Create Session" owner="RequestsLibrary">
<msg time="2025-10-09T23:17:23.203733" level="INFO">Creating Session using : alias=cinema, url=http://localhost:3000/api/v1, headers={'Content-Type': 'application/json'},                     cookies={}, auth=None, timeout=None, proxies=None, verify=False,                     debug=0 </msg>
<arg>cinema</arg>
<arg>${BASE_URL}</arg>
<arg>headers=${headers}</arg>
<doc>Create Session: create a HTTP session to a server</doc>
<status status="PASS" start="2025-10-09T23:17:23.203351" elapsed="0.000604"/>
</kw>
<status status="PASS" start="2025-10-09T23:17:23.202316" elapsed="0.001755"/>
</kw>
<kw name="Cadastrar adm" owner="user-page">
<kw name="importar json estatico" owner="common">
<kw name="Load Json From File" owner="JSONLibrary">
<msg time="2025-10-09T23:17:23.206338" level="INFO">${json} = {'usuario_valido': {'name': 'Andressa Mota', 'email': 'usuario_valido@teste.com', 'password': 'Senha123'}, 'usuario_duplicado': {'name': 'Usuario Duplicado', 'email': 'usuario_duplicado@teste.com', 'p...</msg>
<var>${json}</var>
<arg>C:\\Users\\Andressa\\Documents\\challenge-final\\-challenge-Final\\tests-api\\resources\\libs/fixtures/${nome_arquivo}</arg>
<arg>encoding=UTF-8</arg>
<doc>Load JSON from file.</doc>
<status status="PASS" start="2025-10-09T23:17:23.205514" elapsed="0.000890"/>
</kw>
<return>
<value>${json}</value>
<status status="PASS" start="2025-10-09T23:17:23.206552" elapsed="0.000056"/>
</return>
<msg time="2025-10-09T23:17:23.206855" level="INFO">${json} = {'usuario_valido': {'name': 'Andressa Mota', 'email': 'usuario_valido@teste.com', 'password': 'Senha123'}, 'usuario_duplicado': {'name': 'Usuario Duplicado', 'email': 'usuario_duplicado@teste.com', 'p...</msg>
<var>${json}</var>
<arg>user.json</arg>
<status status="PASS" start="2025-10-09T23:17:23.205075" elapsed="0.001828"/>
</kw>
<kw name="Get From Dictionary" owner="Collections">
<msg time="2025-10-09T23:17:23.207454" level="INFO">${body} = {'name': 'Admin User', 'email': 'admin@example.com', 'password': 'admin123'}</msg>
<var>${body}</var>
<arg>${json}</arg>
<arg>usuario_adm</arg>
<doc>Returns a value from the given ``dictionary`` based on the given ``key``.</doc>
<status status="PASS" start="2025-10-09T23:17:23.207175" elapsed="0.000324"/>
</kw>
<kw name="Get From Dictionary" owner="Collections">
<msg time="2025-10-09T23:17:23.209084" level="INFO">${password} = admin123</msg>
<var>${password}</var>
<arg>${body}</arg>
<arg>password</arg>
<doc>Returns a value from the given ``dictionary`` based on the given ``key``.</doc>
<status status="PASS" start="2025-10-09T23:17:23.207943" elapsed="0.001265"/>
</kw>
<kw name="Generate Random String" owner="String">
<msg time="2025-10-09T23:17:23.211324" level="INFO">${email_rand} = wsezme</msg>
<var>${email_rand}</var>
<arg>6</arg>
<arg>[LOWER]</arg>
<doc>Generates a string with a desired ``length`` from the given ``chars``.</doc>
<status status="PASS" start="2025-10-09T23:17:23.210412" elapsed="0.001024"/>
</kw>
<kw name="Set Variable" owner="BuiltIn">
<msg time="2025-10-09T23:17:23.212070" level="INFO">${email} = wsezmeadm@mail.com</msg>
<var>${email}</var>
<arg>${email_rand}adm@mail.com</arg>
<doc>Returns the given values which can then be assigned to a variables.</doc>
<status status="PASS" start="2025-10-09T23:17:23.211691" elapsed="0.000454"/>
</kw>
<kw name="Set To Dictionary" owner="Collections">
<arg>${body}</arg>
<arg>email</arg>
<arg>${email}</arg>
<doc>Adds the given ``key_value_pairs`` and/or ``items`` to the ``dictionary``.</doc>
<status status="PASS" start="2025-10-09T23:17:23.212443" elapsed="0.000509"/>
</kw>
<kw name="Generate Random String" owner="String">
<msg time="2025-10-09T23:17:23.214267" level="INFO">${nome_rand} = vvdh</msg>
<var>${nome_rand}</var>
<arg>4</arg>
<arg>[LOWER]</arg>
<doc>Generates a string with a desired ``length`` from the given ``chars``.</doc>
<status status="PASS" start="2025-10-09T23:17:23.213733" elapsed="0.000613"/>
</kw>
<kw name="Set To Dictionary" owner="Collections">
<arg>${body}</arg>
<arg>name</arg>
<arg>${nome_rand}admtester</arg>
<doc>Adds the given ``key_value_pairs`` and/or ``items`` to the ``dictionary``.</doc>
<status status="PASS" start="2025-10-09T23:17:23.214599" elapsed="0.000385"/>
</kw>
<kw name="POST On Session" owner="RequestsLibrary">
<msg time="2025-10-09T23:17:23.441578" level="INFO">POST Request : url=http://localhost:3000/api/v1/setup/admin 
 path_url=/api/v1/setup/admin 
 headers={'User-Agent': 'python-requests/2.32.5', 'Accept-Encoding': 'gzip, deflate', 'Accept': '*/*', 'Connection': 'keep-alive', 'Content-Type': 'application/json', 'Content-Length': '80'} 
 body=b'{"name": "vvdhadmtester", "email": "wsezmeadm@mail.com", "password": "admin123"}' 
 </msg>
<msg time="2025-10-09T23:17:23.441737" level="INFO">POST Response : url=http://localhost:3000/api/v1/setup/admin 
 status=201, reason=Created 
 headers={'X-Powered-By': 'Express', 'Access-Control-Allow-Origin': '*', 'Content-Type': 'application/json; charset=utf-8', 'Content-Length': '169', 'ETag': 'W/"a9-Gy15Mwxn1LQZI6CS2y0oI6kyuho"', 'Date': 'Fri, 10 Oct 2025 02:17:23 GMT', 'Connection': 'keep-alive', 'Keep-Alive': 'timeout=5'} 
 body={"success":true,"message":"Admin user created successfully","data":{"_id":"68e86cb3dc637a36a87b431d","name":"vvdhadmtester","email":"wsezmeadm@mail.com","role":"admin"}} 
 </msg>
<msg time="2025-10-09T23:17:23.441977" level="INFO">${resposta} = &lt;Response [201]&gt;</msg>
<var>${resposta}</var>
<arg>cinema</arg>
<arg>/setup/admin</arg>
<arg>json=${body}</arg>
<arg>expected_status=${status_esperado}</arg>
<doc>Sends a POST request on a previously created HTTP Session.</doc>
<status status="PASS" start="2025-10-09T23:17:23.215217" elapsed="0.226821"/>
</kw>
<kw name="Create Dictionary" owner="BuiltIn">
<msg time="2025-10-09T23:17:23.442998" level="INFO">${credenciais} = {'email': 'wsezmeadm@mail.com', 'password': 'admin123'}</msg>
<var>${credenciais}</var>
<arg>email=${email}</arg>
<arg>password=${password}</arg>
<doc>Creates and returns a dictionary based on the given ``items``.</doc>
<status status="PASS" start="2025-10-09T23:17:23.442388" elapsed="0.000675"/>
</kw>
<return>
<value>${resposta}</value>
<value>${credenciais}</value>
<status status="PASS" start="2025-10-09T23:17:23.443204" elapsed="0.000065"/>
</return>
<msg time="2025-10-09T23:17:23.443684" level="INFO">${resp_cadastro_adm} = &lt;Response [201]&gt;</msg>
<msg time="2025-10-09T23:17:23.443808" level="INFO">${credenciais_adm} = {'email': 'wsezmeadm@mail.com', 'password': 'admin123'}</msg>
<var>${resp_cadastro_adm}</var>
<var>${credenciais_adm}</var>
<arg>201</arg>
<status status="PASS" start="2025-10-09T23:17:23.204568" elapsed="0.239300"/>
</kw>
<kw name="Login com credenciais" owner="user-page">
<kw name="Create Dictionary" owner="BuiltIn">
<msg time="2025-10-09T23:17:23.446890" level="INFO">${body} = {'email': 'wsezmeadm@mail.com', 'password': 'admin123'}</msg>
<var>${body}</var>
<arg>email=${email}</arg>
<arg>password=${password}</arg>
<doc>Creates and returns a dictionary based on the given ``items``.</doc>
<status status="PASS" start="2025-10-09T23:17:23.446389" elapsed="0.000553"/>
</kw>
<kw name="POST On Session" owner="RequestsLibrary">
<msg time="2025-10-09T23:17:23.623594" level="INFO">POST Request : url=http://localhost:3000/api/v1/auth/login 
 path_url=/api/v1/auth/login 
 headers={'User-Agent': 'python-requests/2.32.5', 'Accept-Encoding': 'gzip, deflate', 'Accept': '*/*', 'Connection': 'keep-alive', 'Content-Type': 'application/json', 'Content-Length': '55'} 
 body=b'{"email": "wsezmeadm@mail.com", "password": "admin123"}' 
 </msg>
<msg time="2025-10-09T23:17:23.623726" level="INFO">POST Response : url=http://localhost:3000/api/v1/auth/login 
 status=200, reason=OK 
 headers={'X-Powered-By': 'Express', 'Access-Control-Allow-Origin': '*', 'Content-Type': 'application/json; charset=utf-8', 'Content-Length': '307', 'ETag': 'W/"133-S3zytYO+HvEDyDiymlkL2DAcbR4"', 'Date': 'Fri, 10 Oct 2025 02:17:23 GMT', 'Connection': 'keep-alive', 'Keep-Alive': 'timeout=5'} 
 body={"success":true,"data":{"_id":"68e86cb3dc637a36a87b431d","name":"vvdhadmtester","email":"wsezmeadm@mail.com","role":"admin","token":"eyJhbGciOiJIUzI1NiIsInR5cCI6IkpXVCJ9.eyJpZCI6IjY4ZTg2Y2IzZGM2MzdhMzZhODdiNDMxZCIsImlhdCI6MTc2MDA2MjY0MywiZXhwIjoxNzYwMTQ5MDQzfQ.gmZgGdeL2nwmKjFjupjz4dD4pWAIv_mWVg0yraT4QWA"}} 
 </msg>
<msg time="2025-10-09T23:17:23.623933" level="INFO">${resposta} = &lt;Response [200]&gt;</msg>
<var>${resposta}</var>
<arg>cinema</arg>
<arg>/auth/login</arg>
<arg>json=${body}</arg>
<arg>expected_status=${status_esperado}</arg>
<doc>Sends a POST request on a previously created HTTP Session.</doc>
<status status="PASS" start="2025-10-09T23:17:23.447206" elapsed="0.176780"/>
</kw>
<return>
<value>${resposta}</value>
<status status="PASS" start="2025-10-09T23:17:23.624118" elapsed="0.000057"/>
</return>
<msg time="2025-10-09T23:17:23.624438" level="INFO">${resp_login_adm} = &lt;Response [200]&gt;</msg>
<var>${resp_login_adm}</var>
<arg>${credenciais_adm['email']}</arg>
<arg>${credenciais_adm['password']}</arg>
<arg>200</arg>
<status status="PASS" start="2025-10-09T23:17:23.444499" elapsed="0.179990"/>
</kw>
<kw name="Set Variable" owner="BuiltIn">
<msg time="2025-10-09T23:17:23.625956" level="INFO">${token_adm} = eyJhbGciOiJIUzI1NiIsInR5cCI6IkpXVCJ9.eyJpZCI6IjY4ZTg2Y2IzZGM2MzdhMzZhODdiNDMxZCIsImlhdCI6MTc2MDA2MjY0MywiZXhwIjoxNzYwMTQ5MDQzfQ.gmZgGdeL2nwmKjFjupjz4dD4pWAIv_mWVg0yraT4QWA</msg>
<var>${token_adm}</var>
<arg>${resp_login_adm.json()['data']['token']}</arg>
<doc>Returns the given values which can then be assigned to a variables.</doc>
<status status="PASS" start="2025-10-09T23:17:23.624998" elapsed="0.001006"/>
</kw>
<kw name="Set Variable" owner="BuiltIn">
<msg time="2025-10-09T23:17:23.626690" level="INFO">${titulo_original} = Filme Original para Update</msg>
<var>${titulo_original}</var>
<arg>Filme Original para Update</arg>
<doc>Returns the given values which can then be assigned to a variables.</doc>
<status status="PASS" start="2025-10-09T23:17:23.626453" elapsed="0.000284"/>
</kw>
<kw name="Create List" owner="BuiltIn">
<msg time="2025-10-09T23:17:23.627410" level="INFO">@{generos_originais} = [ Ação ]</msg>
<var>@{generos_originais}</var>
<arg>Ação</arg>
<doc>Returns a list containing given items.</doc>
<status status="PASS" start="2025-10-09T23:17:23.627152" elapsed="0.000308"/>
</kw>
<kw name="Create Dictionary" owner="BuiltIn">
<msg time="2025-10-09T23:17:23.628493" level="INFO">${filme_original_data} = {'title': 'Filme Original para Update', 'synopsis': 'Sinopse original.', 'director': 'Diretor Original', 'genres': ['Ação'], 'duration': '150', 'classification': 'Livre', 'releaseDate': '2025-01-01'}</msg>
<var>${filme_original_data}</var>
<arg>title=${titulo_original}</arg>
<arg>synopsis=Sinopse original.</arg>
<arg>director=Diretor Original</arg>
<arg>genres=${generos_originais}</arg>
<arg>duration=150</arg>
<arg>classification=Livre</arg>
<arg>releaseDate=2025-01-01</arg>
<doc>Creates and returns a dictionary based on the given ``items``.</doc>
<status status="PASS" start="2025-10-09T23:17:23.627871" elapsed="0.000674"/>
</kw>
<kw name="Criar filme com token" owner="films-page">
<kw name="Create Dictionary" owner="BuiltIn">
<msg time="2025-10-09T23:17:23.630051" level="INFO">${headers} = {'Authorization': 'Bearer eyJhbGciOiJIUzI1NiIsInR5cCI6IkpXVCJ9.eyJpZCI6IjY4ZTg2Y2IzZGM2MzdhMzZhODdiNDMxZCIsImlhdCI6MTc2MDA2MjY0MywiZXhwIjoxNzYwMTQ5MDQzfQ.gmZgGdeL2nwmKjFjupjz4dD4pWAIv_mWVg0yraT4QWA'}</msg>
<var>${headers}</var>
<arg>Authorization=Bearer ${token}</arg>
<doc>Creates and returns a dictionary based on the given ``items``.</doc>
<status status="PASS" start="2025-10-09T23:17:23.629687" elapsed="0.000413"/>
</kw>
<kw name="POST On Session" owner="RequestsLibrary">
<msg time="2025-10-09T23:17:23.724097" level="INFO">POST Request : url=http://localhost:3000/api/v1/movies 
 path_url=/api/v1/movies 
 headers={'User-Agent': 'python-requests/2.32.5', 'Accept-Encoding': 'gzip, deflate', 'Accept': '*/*', 'Connection': 'keep-alive', 'Content-Type': 'application/json', 'Authorization': 'Bearer eyJhbGciOiJIUzI1NiIsInR5cCI6IkpXVCJ9.eyJpZCI6IjY4ZTg2Y2IzZGM2MzdhMzZhODdiNDMxZCIsImlhdCI6MTc2MDA2MjY0MywiZXhwIjoxNzYwMTQ5MDQzfQ.gmZgGdeL2nwmKjFjupjz4dD4pWAIv_mWVg0yraT4QWA', 'Content-Length': '209'} 
 body=b'{"title": "Filme Original para Update", "synopsis": "Sinopse original.", "director": "Diretor Original", "genres": ["A\\u00e7\\u00e3o"], "duration": "150", "classification": "Livre", "releaseDate": "2025-01-01"}' 
 </msg>
<msg time="2025-10-09T23:17:23.724230" level="INFO">POST Response : url=http://localhost:3000/api/v1/movies 
 status=201, reason=Created 
 headers={'X-Powered-By': 'Express', 'Access-Control-Allow-Origin': '*', 'Content-Type': 'application/json; charset=utf-8', 'Content-Length': '399', 'ETag': 'W/"18f-UIQNgkFxyUFxw09FhHpj3/EHJ0Y"', 'Date': 'Fri, 10 Oct 2025 02:17:23 GMT', 'Connection': 'keep-alive', 'Keep-Alive': 'timeout=5'} 
 body={"success":true,"data":{"title":"Filme Original para Update","synopsis":"Sinopse original.","director":"Diretor Original","genres":["Ação"],"duration":150,"classification":"Livre","poster":"no-image.jpg","releaseDate":"2025-01-01T00:00:00.000Z","_id":"68e86cb3dc637a36a87b4321","createdAt":"2025-10-10T02:17:23.680Z","updatedAt":"2025-10-10T02:17:23.680Z","__v":0,"id":"68e86cb3dc637a36a87b4321"}} 
 </msg>
<msg time="2025-10-09T23:17:23.724530" level="INFO">${resposta} = &lt;Response [201]&gt;</msg>
<var>${resposta}</var>
<arg>cinema</arg>
<arg>/movies</arg>
<arg>json=${dados_do_filme}</arg>
<arg>headers=${headers}</arg>
<arg>expected_status=${status_esperado}</arg>
<doc>Sends a POST request on a previously created HTTP Session.</doc>
<status status="PASS" start="2025-10-09T23:17:23.630388" elapsed="0.094262"/>
</kw>
<return>
<value>${resposta}</value>
<status status="PASS" start="2025-10-09T23:17:23.724867" elapsed="0.000061"/>
</return>
<msg time="2025-10-09T23:17:23.725176" level="INFO">${resp_create} = &lt;Response [201]&gt;</msg>
<var>${resp_create}</var>
<arg>${token_adm}</arg>
<arg>${filme_original_data}</arg>
<arg>201</arg>
<status status="PASS" start="2025-10-09T23:17:23.629060" elapsed="0.096158"/>
</kw>
<kw name="Set Variable" owner="BuiltIn">
<msg time="2025-10-09T23:17:23.726818" level="INFO">${id_filme_alvo} = 68e86cb3dc637a36a87b4321</msg>
<var>${id_filme_alvo}</var>
<arg>${resp_create.json()['data']['_id']}</arg>
<doc>Returns the given values which can then be assigned to a variables.</doc>
<status status="PASS" start="2025-10-09T23:17:23.725717" elapsed="0.001154"/>
</kw>
<kw name="Set Variable" owner="BuiltIn">
<msg time="2025-10-09T23:17:23.727885" level="INFO">${novo_titulo} = Filme atualizado com Sucesso</msg>
<var>${novo_titulo}</var>
<arg>Filme atualizado com Sucesso</arg>
<doc>Returns the given values which can then be assigned to a variables.</doc>
<status status="PASS" start="2025-10-09T23:17:23.727661" elapsed="0.000279"/>
</kw>
<kw name="Create Dictionary" owner="BuiltIn">
<msg time="2025-10-09T23:17:23.728802" level="INFO">${dados_para_update} = {'title': 'Filme atualizado com Sucesso'}</msg>
<var>${dados_para_update}</var>
<arg>title=${novo_titulo}</arg>
<doc>Creates and returns a dictionary based on the given ``items``.</doc>
<status status="PASS" start="2025-10-09T23:17:23.728359" elapsed="0.000491"/>
</kw>
<kw name="Atualizar filme com token" owner="films-page">
<kw name="Create Dictionary" owner="BuiltIn">
<msg time="2025-10-09T23:17:23.730447" level="INFO">${headers} = {'Authorization': 'Bearer eyJhbGciOiJIUzI1NiIsInR5cCI6IkpXVCJ9.eyJpZCI6IjY4ZTg2Y2IzZGM2MzdhMzZhODdiNDMxZCIsImlhdCI6MTc2MDA2MjY0MywiZXhwIjoxNzYwMTQ5MDQzfQ.gmZgGdeL2nwmKjFjupjz4dD4pWAIv_mWVg0yraT4QWA'}</msg>
<var>${headers}</var>
<arg>Authorization=Bearer ${token}</arg>
<doc>Creates and returns a dictionary based on the given ``items``.</doc>
<status status="PASS" start="2025-10-09T23:17:23.730056" elapsed="0.000443"/>
</kw>
<kw name="PUT On Session" owner="RequestsLibrary">
<msg time="2025-10-09T23:17:23.876960" level="INFO">PUT Request : url=http://localhost:3000/api/v1/movies/68e86cb3dc637a36a87b4321 
 path_url=/api/v1/movies/68e86cb3dc637a36a87b4321 
 headers={'User-Agent': 'python-requests/2.32.5', 'Accept-Encoding': 'gzip, deflate', 'Accept': '*/*', 'Connection': 'keep-alive', 'Content-Type': 'application/json', 'Authorization': 'Bearer eyJhbGciOiJIUzI1NiIsInR5cCI6IkpXVCJ9.eyJpZCI6IjY4ZTg2Y2IzZGM2MzdhMzZhODdiNDMxZCIsImlhdCI6MTc2MDA2MjY0MywiZXhwIjoxNzYwMTQ5MDQzfQ.gmZgGdeL2nwmKjFjupjz4dD4pWAIv_mWVg0yraT4QWA', 'Content-Length': '41'} 
 body=b'{"title": "Filme atualizado com Sucesso"}' 
 </msg>
<msg time="2025-10-09T23:17:23.877112" level="INFO">PUT Response : url=http://localhost:3000/api/v1/movies/68e86cb3dc637a36a87b4321 
 status=200, reason=OK 
 headers={'X-Powered-By': 'Express', 'Access-Control-Allow-Origin': '*', 'Content-Type': 'application/json; charset=utf-8', 'Content-Length': '401', 'ETag': 'W/"191-L6oPC1vtumLq0k5WfZgO4GX1y+g"', 'Date': 'Fri, 10 Oct 2025 02:17:23 GMT', 'Connection': 'keep-alive', 'Keep-Alive': 'timeout=5'} 
 body={"success":true,"data":{"_id":"68e86cb3dc637a36a87b4321","title":"Filme atualizado com Sucesso","synopsis":"Sinopse original.","director":"Diretor Original","genres":["Ação"],"duration":150,"classification":"Livre","poster":"no-image.jpg","releaseDate":"2025-01-01T00:00:00.000Z","createdAt":"2025-10-10T02:17:23.680Z","updatedAt":"2025-10-10T02:17:23.820Z","__v":0,"id":"68e86cb3dc637a36a87b4321"}} 
 </msg>
<msg time="2025-10-09T23:17:23.877339" level="INFO">${resposta} = &lt;Response [200]&gt;</msg>
<var>${resposta}</var>
<arg>cinema</arg>
<arg>/movies/${id_do_filme}</arg>
<arg>json=${novos_dados}</arg>
<arg>headers=${headers}</arg>
<arg>expected_status=${status_esperado}</arg>
<doc>Sends a PUT request on a previously created HTTP Session.</doc>
<status status="PASS" start="2025-10-09T23:17:23.730700" elapsed="0.146703"/>
</kw>
<return>
<value>${resposta}</value>
<status status="PASS" start="2025-10-09T23:17:23.877555" elapsed="0.000059"/>
</return>
<msg time="2025-10-09T23:17:23.877878" level="INFO">${resp_update} = &lt;Response [200]&gt;</msg>
<var>${resp_update}</var>
<arg>${token_adm}</arg>
<arg>${id_filme_alvo}</arg>
<arg>${dados_para_update}</arg>
<arg>200</arg>
<status status="PASS" start="2025-10-09T23:17:23.729349" elapsed="0.148582"/>
</kw>
<kw name="Conferência de atualização de filme" owner="check">
<kw name="Should Be True" owner="BuiltIn">
<arg>${response['success']}</arg>
<doc>Fails if the given condition is not true.</doc>
<status status="PASS" start="2025-10-09T23:17:23.880295" elapsed="0.000895"/>
</kw>
<kw name="Dictionary Should Contain Key" owner="Collections">
<arg>${response}</arg>
<arg>data</arg>
<doc>Fails if ``key`` is not found from ``dictionary``.</doc>
<status status="PASS" start="2025-10-09T23:17:23.881426" elapsed="0.000273"/>
</kw>
<kw name="Set Variable" owner="BuiltIn">
<msg time="2025-10-09T23:17:23.882919" level="INFO">${filme_atualizado} = {'_id': '68e86cb3dc637a36a87b4321', 'title': 'Filme atualizado com Sucesso', 'synopsis': 'Sinopse original.', 'director': 'Diretor Original', 'genres': ['Ação'], 'duration': 150, 'classification': 'Li...</msg>
<var>${filme_atualizado}</var>
<arg>${response['data']}</arg>
<doc>Returns the given values which can then be assigned to a variables.</doc>
<status status="PASS" start="2025-10-09T23:17:23.881941" elapsed="0.001049"/>
</kw>
<kw name="Dictionary Should Contain Key" owner="Collections">
<arg>${filme_atualizado}</arg>
<arg>_id</arg>
<doc>Fails if ``key`` is not found from ``dictionary``.</doc>
<status status="PASS" start="2025-10-09T23:17:23.883220" elapsed="0.000266"/>
</kw>
<kw name="Dictionary Should Contain Key" owner="Collections">
<arg>${filme_atualizado}</arg>
<arg>title</arg>
<doc>Fails if ``key`` is not found from ``dictionary``.</doc>
<status status="PASS" start="2025-10-09T23:17:23.883722" elapsed="0.000355"/>
</kw>
<kw name="Should Be Equal As Strings" owner="BuiltIn">
<arg>${filme_atualizado['title']}</arg>
<arg>${dados_enviados['title']}</arg>
<doc>Fails if objects are unequal after converting them to strings.</doc>
<status status="PASS" start="2025-10-09T23:17:23.884324" elapsed="0.001586"/>
</kw>
<arg>${resp_update.json()}</arg>
<arg>${dados_para_update}</arg>
<status status="PASS" start="2025-10-09T23:17:23.878623" elapsed="0.007432"/>
</kw>
<tag>ADM</tag>
<tag>MOVIES</tag>
<tag>PUT</tag>
<status status="PASS" start="2025-10-09T23:17:23.201445" elapsed="0.685058"/>
</test>
<test id="s1-s1-t6" name="CT-API-017: Deletar um filme como adm" line="87">
<kw name="iniciar sessao" owner="common" type="SETUP">
<kw name="Create Dictionary" owner="BuiltIn">
<msg time="2025-10-09T23:17:23.890786" level="INFO">${headers} = {'Content-Type': 'application/json'}</msg>
<var>${headers}</var>
<arg>Content-Type=application/json</arg>
<doc>Creates and returns a dictionary based on the given ``items``.</doc>
<status status="PASS" start="2025-10-09T23:17:23.890236" elapsed="0.000644"/>
</kw>
<kw name="Create Session" owner="RequestsLibrary">
<msg time="2025-10-09T23:17:23.891938" level="INFO">Creating Session using : alias=cinema, url=http://localhost:3000/api/v1, headers={'Content-Type': 'application/json'},                     cookies={}, auth=None, timeout=None, proxies=None, verify=False,                     debug=0 </msg>
<arg>cinema</arg>
<arg>${BASE_URL}</arg>
<arg>headers=${headers}</arg>
<doc>Create Session: create a HTTP session to a server</doc>
<status status="PASS" start="2025-10-09T23:17:23.891311" elapsed="0.008227"/>
</kw>
<status status="PASS" start="2025-10-09T23:17:23.889490" elapsed="0.010456"/>
</kw>
<kw name="Cadastrar adm" owner="user-page">
<kw name="importar json estatico" owner="common">
<kw name="Load Json From File" owner="JSONLibrary">
<msg time="2025-10-09T23:17:23.904449" level="INFO">${json} = {'usuario_valido': {'name': 'Andressa Mota', 'email': 'usuario_valido@teste.com', 'password': 'Senha123'}, 'usuario_duplicado': {'name': 'Usuario Duplicado', 'email': 'usuario_duplicado@teste.com', 'p...</msg>
<var>${json}</var>
<arg>C:\\Users\\Andressa\\Documents\\challenge-final\\-challenge-Final\\tests-api\\resources\\libs/fixtures/${nome_arquivo}</arg>
<arg>encoding=UTF-8</arg>
<doc>Load JSON from file.</doc>
<status status="PASS" start="2025-10-09T23:17:23.903566" elapsed="0.000951"/>
</kw>
<return>
<value>${json}</value>
<status status="PASS" start="2025-10-09T23:17:23.904606" elapsed="0.000049"/>
</return>
<msg time="2025-10-09T23:17:23.904928" level="INFO">${json} = {'usuario_valido': {'name': 'Andressa Mota', 'email': 'usuario_valido@teste.com', 'password': 'Senha123'}, 'usuario_duplicado': {'name': 'Usuario Duplicado', 'email': 'usuario_duplicado@teste.com', 'p...</msg>
<var>${json}</var>
<arg>user.json</arg>
<status status="PASS" start="2025-10-09T23:17:23.903154" elapsed="0.001822"/>
</kw>
<kw name="Get From Dictionary" owner="Collections">
<msg time="2025-10-09T23:17:23.905498" level="INFO">${body} = {'name': 'Admin User', 'email': 'admin@example.com', 'password': 'admin123'}</msg>
<var>${body}</var>
<arg>${json}</arg>
<arg>usuario_adm</arg>
<doc>Returns a value from the given ``dictionary`` based on the given ``key``.</doc>
<status status="PASS" start="2025-10-09T23:17:23.905183" elapsed="0.000362"/>
</kw>
<kw name="Get From Dictionary" owner="Collections">
<msg time="2025-10-09T23:17:23.906032" level="INFO">${password} = admin123</msg>
<var>${password}</var>
<arg>${body}</arg>
<arg>password</arg>
<doc>Returns a value from the given ``dictionary`` based on the given ``key``.</doc>
<status status="PASS" start="2025-10-09T23:17:23.905746" elapsed="0.000335"/>
</kw>
<kw name="Generate Random String" owner="String">
<msg time="2025-10-09T23:17:23.906654" level="INFO">${email_rand} = ubttgy</msg>
<var>${email_rand}</var>
<arg>6</arg>
<arg>[LOWER]</arg>
<doc>Generates a string with a desired ``length`` from the given ``chars``.</doc>
<status status="PASS" start="2025-10-09T23:17:23.906290" elapsed="0.000414"/>
</kw>
<kw name="Set Variable" owner="BuiltIn">
<msg time="2025-10-09T23:17:23.907155" level="INFO">${email} = ubttgyadm@mail.com</msg>
<var>${email}</var>
<arg>${email_rand}adm@mail.com</arg>
<doc>Returns the given values which can then be assigned to a variables.</doc>
<status status="PASS" start="2025-10-09T23:17:23.906904" elapsed="0.000301"/>
</kw>
<kw name="Set To Dictionary" owner="Collections">
<arg>${body}</arg>
<arg>email</arg>
<arg>${email}</arg>
<doc>Adds the given ``key_value_pairs`` and/or ``items`` to the ``dictionary``.</doc>
<status status="PASS" start="2025-10-09T23:17:23.907418" elapsed="0.000455"/>
</kw>
<kw name="Generate Random String" owner="String">
<msg time="2025-10-09T23:17:23.909048" level="INFO">${nome_rand} = osdr</msg>
<var>${nome_rand}</var>
<arg>4</arg>
<arg>[LOWER]</arg>
<doc>Generates a string with a desired ``length`` from the given ``chars``.</doc>
<status status="PASS" start="2025-10-09T23:17:23.908264" elapsed="0.000891"/>
</kw>
<kw name="Set To Dictionary" owner="Collections">
<arg>${body}</arg>
<arg>name</arg>
<arg>${nome_rand}admtester</arg>
<doc>Adds the given ``key_value_pairs`` and/or ``items`` to the ``dictionary``.</doc>
<status status="PASS" start="2025-10-09T23:17:23.909768" elapsed="0.000802"/>
</kw>
<kw name="POST On Session" owner="RequestsLibrary">
<msg time="2025-10-09T23:17:24.208728" level="INFO">POST Request : url=http://localhost:3000/api/v1/setup/admin 
 path_url=/api/v1/setup/admin 
 headers={'User-Agent': 'python-requests/2.32.5', 'Accept-Encoding': 'gzip, deflate', 'Accept': '*/*', 'Connection': 'keep-alive', 'Content-Type': 'application/json', 'Content-Length': '80'} 
 body=b'{"name": "osdradmtester", "email": "ubttgyadm@mail.com", "password": "admin123"}' 
 </msg>
<msg time="2025-10-09T23:17:24.208949" level="INFO">POST Response : url=http://localhost:3000/api/v1/setup/admin 
 status=201, reason=Created 
 headers={'X-Powered-By': 'Express', 'Access-Control-Allow-Origin': '*', 'Content-Type': 'application/json; charset=utf-8', 'Content-Length': '169', 'ETag': 'W/"a9-FYLMoNeBNekKubSKp9uD4GLO+uI"', 'Date': 'Fri, 10 Oct 2025 02:17:24 GMT', 'Connection': 'keep-alive', 'Keep-Alive': 'timeout=5'} 
 body={"success":true,"message":"Admin user created successfully","data":{"_id":"68e86cb3dc637a36a87b4327","name":"osdradmtester","email":"ubttgyadm@mail.com","role":"admin"}} 
 </msg>
<msg time="2025-10-09T23:17:24.209345" level="INFO">${resposta} = &lt;Response [201]&gt;</msg>
<var>${resposta}</var>
<arg>cinema</arg>
<arg>/setup/admin</arg>
<arg>json=${body}</arg>
<arg>expected_status=${status_esperado}</arg>
<doc>Sends a POST request on a previously created HTTP Session.</doc>
<status status="PASS" start="2025-10-09T23:17:23.910947" elapsed="0.298513"/>
</kw>
<kw name="Create Dictionary" owner="BuiltIn">
<msg time="2025-10-09T23:17:24.210887" level="INFO">${credenciais} = {'email': 'ubttgyadm@mail.com', 'password': 'admin123'}</msg>
<var>${credenciais}</var>
[...]
<status status="PASS" start="2025-10-09T23:17:30.422819" elapsed="0.000796"/>
</kw>
<kw name="Set Variable" owner="BuiltIn">
<msg time="2025-10-09T23:17:30.424477" level="INFO">${email} = dodndzadm@mail.com</msg>
<var>${email}</var>
<arg>${email_rand}adm@mail.com</arg>
<doc>Returns the given values which can then be assigned to a variables.</doc>
<status status="PASS" start="2025-10-09T23:17:30.424005" elapsed="0.000597"/>
</kw>
<kw name="Set To Dictionary" owner="Collections">
<arg>${body}</arg>
<arg>email</arg>
<arg>${email}</arg>
<doc>Adds the given ``key_value_pairs`` and/or ``items`` to the ``dictionary``.</doc>
<status status="PASS" start="2025-10-09T23:17:30.424832" elapsed="0.000361"/>
</kw>
<kw name="Generate Random String" owner="String">
<msg time="2025-10-09T23:17:30.426067" level="INFO">${nome_rand} = ltky</msg>
<var>${nome_rand}</var>
<arg>4</arg>
<arg>[LOWER]</arg>
<doc>Generates a string with a desired ``length`` from the given ``chars``.</doc>
<status status="PASS" start="2025-10-09T23:17:30.425559" elapsed="0.000562"/>
</kw>
<kw name="Set To Dictionary" owner="Collections">
<arg>${body}</arg>
<arg>name</arg>
<arg>${nome_rand}admtester</arg>
<doc>Adds the given ``key_value_pairs`` and/or ``items`` to the ``dictionary``.</doc>
<status status="PASS" start="2025-10-09T23:17:30.426360" elapsed="0.000318"/>
</kw>
<kw name="POST On Session" owner="RequestsLibrary">
<msg time="2025-10-09T23:17:30.655078" level="INFO">POST Request : url=http://localhost:3000/api/v1/setup/admin 
 path_url=/api/v1/setup/admin 
 headers={'User-Agent': 'python-requests/2.32.5', 'Accept-Encoding': 'gzip, deflate', 'Accept': '*/*', 'Connection': 'keep-alive', 'Content-Type': 'application/json', 'Content-Length': '80'} 
 body=b'{"name": "ltkyadmtester", "email": "dodndzadm@mail.com", "password": "admin123"}' 
 </msg>
<msg time="2025-10-09T23:17:30.655372" level="INFO">POST Response : url=http://localhost:3000/api/v1/setup/admin 
 status=201, reason=Created 
 headers={'X-Powered-By': 'Express', 'Access-Control-Allow-Origin': '*', 'Content-Type': 'application/json; charset=utf-8', 'Content-Length': '169', 'ETag': 'W/"a9-OQYZUoPmDqZgAOCmZGzJnpNcGDM"', 'Date': 'Fri, 10 Oct 2025 02:17:30 GMT', 'Connection': 'keep-alive', 'Keep-Alive': 'timeout=5'} 
 body={"success":true,"message":"Admin user created successfully","data":{"_id":"68e86cbadc637a36a87b436d","name":"ltkyadmtester","email":"dodndzadm@mail.com","role":"admin"}} 
 </msg>
<msg time="2025-10-09T23:17:30.655952" level="INFO">${resposta} = &lt;Response [201]&gt;</msg>
<var>${resposta}</var>
<arg>cinema</arg>
<arg>/setup/admin</arg>
<arg>json=${body}</arg>
<arg>expected_status=${status_esperado}</arg>
<doc>Sends a POST request on a previously created HTTP Session.</doc>
<status status="PASS" start="2025-10-09T23:17:30.426891" elapsed="0.229176"/>
</kw>
<kw name="Create Dictionary" owner="BuiltIn">
<msg time="2025-10-09T23:17:30.657777" level="INFO">${credenciais} = {'email': 'dodndzadm@mail.com', 'password': 'admin123'}</msg>
<var>${credenciais}</var>
<arg>email=${email}</arg>
<arg>password=${password}</arg>
<doc>Creates and returns a dictionary based on the given ``items``.</doc>
<status status="PASS" start="2025-10-09T23:17:30.656642" elapsed="0.001255"/>
</kw>
<return>
<value>${resposta}</value>
<value>${credenciais}</value>
<status status="PASS" start="2025-10-09T23:17:30.658162" elapsed="0.000104"/>
</return>
<msg time="2025-10-09T23:17:30.658989" level="INFO">${resp_cadastro_adm} = &lt;Response [201]&gt;</msg>
<msg time="2025-10-09T23:17:30.659190" level="INFO">${credenciais_adm} = {'email': 'dodndzadm@mail.com', 'password': 'admin123'}</msg>
<var>${resp_cadastro_adm}</var>
<var>${credenciais_adm}</var>
<arg>201</arg>
<status status="PASS" start="2025-10-09T23:17:30.418895" elapsed="0.240388"/>
</kw>
<kw name="Login com credenciais" owner="user-page">
<kw name="Create Dictionary" owner="BuiltIn">
<msg time="2025-10-09T23:17:30.665130" level="INFO">${body} = {'email': 'dodndzadm@mail.com', 'password': 'admin123'}</msg>
<var>${body}</var>
<arg>email=${email}</arg>
<arg>password=${password}</arg>
<doc>Creates and returns a dictionary based on the given ``items``.</doc>
<status status="PASS" start="2025-10-09T23:17:30.664132" elapsed="0.001193"/>
</kw>
<kw name="POST On Session" owner="RequestsLibrary">
<msg time="2025-10-09T23:17:30.848469" level="INFO">POST Request : url=http://localhost:3000/api/v1/auth/login 
 path_url=/api/v1/auth/login 
 headers={'User-Agent': 'python-requests/2.32.5', 'Accept-Encoding': 'gzip, deflate', 'Accept': '*/*', 'Connection': 'keep-alive', 'Content-Type': 'application/json', 'Content-Length': '55'} 
 body=b'{"email": "dodndzadm@mail.com", "password": "admin123"}' 
 </msg>
<msg time="2025-10-09T23:17:30.848597" level="INFO">POST Response : url=http://localhost:3000/api/v1/auth/login 
 status=200, reason=OK 
 headers={'X-Powered-By': 'Express', 'Access-Control-Allow-Origin': '*', 'Content-Type': 'application/json; charset=utf-8', 'Content-Length': '307', 'ETag': 'W/"133-NE5R/9FYLjnaTYOI4DRUxKODw5Y"', 'Date': 'Fri, 10 Oct 2025 02:17:30 GMT', 'Connection': 'keep-alive', 'Keep-Alive': 'timeout=5'} 
 body={"success":true,"data":{"_id":"68e86cbadc637a36a87b436d","name":"ltkyadmtester","email":"dodndzadm@mail.com","role":"admin","token":"eyJhbGciOiJIUzI1NiIsInR5cCI6IkpXVCJ9.eyJpZCI6IjY4ZTg2Y2JhZGM2MzdhMzZhODdiNDM2ZCIsImlhdCI6MTc2MDA2MjY1MCwiZXhwIjoxNzYwMTQ5MDUwfQ.d2IzRpbOE6PgrYkiQd5Qb5xTOhJK8zmh-mcmVb2OXRI"}} 
 </msg>
<msg time="2025-10-09T23:17:30.848797" level="INFO">${resposta} = &lt;Response [200]&gt;</msg>
<var>${resposta}</var>
<arg>cinema</arg>
<arg>/auth/login</arg>
<arg>json=${body}</arg>
<arg>expected_status=${status_esperado}</arg>
<doc>Sends a POST request on a previously created HTTP Session.</doc>
<status status="PASS" start="2025-10-09T23:17:30.666203" elapsed="0.182641"/>
</kw>
<return>
<value>${resposta}</value>
<status status="PASS" start="2025-10-09T23:17:30.848968" elapsed="0.000053"/>
</return>
<msg time="2025-10-09T23:17:30.849263" level="INFO">${resp_login_adm} = &lt;Response [200]&gt;</msg>
<var>${resp_login_adm}</var>
<arg>${credenciais_adm['email']}</arg>
<arg>${credenciais_adm['password']}</arg>
<arg>200</arg>
<status status="PASS" start="2025-10-09T23:17:30.660494" elapsed="0.188825"/>
</kw>
<kw name="Set Variable" owner="BuiltIn">
<msg time="2025-10-09T23:17:30.850786" level="INFO">${token_adm} = eyJhbGciOiJIUzI1NiIsInR5cCI6IkpXVCJ9.eyJpZCI6IjY4ZTg2Y2JhZGM2MzdhMzZhODdiNDM2ZCIsImlhdCI6MTc2MDA2MjY1MCwiZXhwIjoxNzYwMTQ5MDUwfQ.d2IzRpbOE6PgrYkiQd5Qb5xTOhJK8zmh-mcmVb2OXRI</msg>
<var>${token_adm}</var>
<arg>${resp_login_adm.json()['data']['token']}</arg>
<doc>Returns the given values which can then be assigned to a variables.</doc>
<status status="PASS" start="2025-10-09T23:17:30.849800" elapsed="0.001040"/>
</kw>
<kw name="Cadastrar usuario valido e retornar credenciais" owner="user-page">
<kw name="importar json estatico" owner="common">
<kw name="Load Json From File" owner="JSONLibrary">
<msg time="2025-10-09T23:17:30.853164" level="INFO">${json} = {'usuario_valido': {'name': 'Andressa Mota', 'email': 'usuario_valido@teste.com', 'password': 'Senha123'}, 'usuario_duplicado': {'name': 'Usuario Duplicado', 'email': 'usuario_duplicado@teste.com', 'p...</msg>
<var>${json}</var>
<arg>C:\\Users\\Andressa\\Documents\\challenge-final\\-challenge-Final\\tests-api\\resources\\libs/fixtures/${nome_arquivo}</arg>
<arg>encoding=UTF-8</arg>
<doc>Load JSON from file.</doc>
<status status="PASS" start="2025-10-09T23:17:30.852331" elapsed="0.000893"/>
</kw>
<return>
<value>${json}</value>
<status status="PASS" start="2025-10-09T23:17:30.853326" elapsed="0.000052"/>
</return>
<msg time="2025-10-09T23:17:30.853615" level="INFO">${json} = {'usuario_valido': {'name': 'Andressa Mota', 'email': 'usuario_valido@teste.com', 'password': 'Senha123'}, 'usuario_duplicado': {'name': 'Usuario Duplicado', 'email': 'usuario_duplicado@teste.com', 'p...</msg>
<var>${json}</var>
<arg>user.json</arg>
<status status="PASS" start="2025-10-09T23:17:30.851941" elapsed="0.001723"/>
</kw>
<kw name="Get From Dictionary" owner="Collections">
<msg time="2025-10-09T23:17:30.854145" level="INFO">${body} = {'name': 'Andressa Mota', 'email': 'usuario_valido@teste.com', 'password': 'Senha123'}</msg>
<var>${body}</var>
<arg>${json}</arg>
<arg>usuario_valido</arg>
<doc>Returns a value from the given ``dictionary`` based on the given ``key``.</doc>
<status status="PASS" start="2025-10-09T23:17:30.853873" elapsed="0.000318"/>
</kw>
<kw name="Get From Dictionary" owner="Collections">
<msg time="2025-10-09T23:17:30.854666" level="INFO">${password} = Senha123</msg>
<var>${password}</var>
<arg>${body}</arg>
<arg>password</arg>
<doc>Returns a value from the given ``dictionary`` based on the given ``key``.</doc>
<status status="PASS" start="2025-10-09T23:17:30.854401" elapsed="0.000315"/>
</kw>
<kw name="Generate Random String" owner="String">
<msg time="2025-10-09T23:17:30.855531" level="INFO">${email_rand} = oopawp</msg>
<var>${email_rand}</var>
<arg>6</arg>
<arg>[LOWER]</arg>
<doc>Generates a string with a desired ``length`` from the given ``chars``.</doc>
<status status="PASS" start="2025-10-09T23:17:30.854919" elapsed="0.000719"/>
</kw>
<kw name="Set Variable" owner="BuiltIn">
<msg time="2025-10-09T23:17:30.856686" level="INFO">${email} = oopawp@mail.com</msg>
<var>${email}</var>
<arg>${email_rand}@mail.com</arg>
<doc>Returns the given values which can then be assigned to a variables.</doc>
<status status="PASS" start="2025-10-09T23:17:30.856030" elapsed="0.000746"/>
</kw>
<kw name="Set To Dictionary" owner="Collections">
<arg>${body}</arg>
<arg>email</arg>
<arg>${email}</arg>
<doc>Adds the given ``key_value_pairs`` and/or ``items`` to the ``dictionary``.</doc>
<status status="PASS" start="2025-10-09T23:17:30.857143" elapsed="0.000480"/>
</kw>
<kw name="POST On Session" owner="RequestsLibrary">
<msg time="2025-10-09T23:17:31.077907" level="INFO">POST Request : url=http://localhost:3000/api/v1/auth/register 
 path_url=/api/v1/auth/register 
 headers={'User-Agent': 'python-requests/2.32.5', 'Accept-Encoding': 'gzip, deflate', 'Accept': '*/*', 'Connection': 'keep-alive', 'Content-Type': 'application/json', 'Content-Length': '77'} 
 body=b'{"name": "Andressa Mota", "email": "oopawp@mail.com", "password": "Senha123"}' 
 </msg>
<msg time="2025-10-09T23:17:31.078025" level="INFO">POST Response : url=http://localhost:3000/api/v1/auth/register 
 status=201, reason=Created 
 headers={'X-Powered-By': 'Express', 'Access-Control-Allow-Origin': '*', 'Content-Type': 'application/json; charset=utf-8', 'Content-Length': '303', 'ETag': 'W/"12f-Oq5Qy3RM83dwGVwIxKccDxZV5X0"', 'Date': 'Fri, 10 Oct 2025 02:17:31 GMT', 'Connection': 'keep-alive', 'Keep-Alive': 'timeout=5'} 
 body={"success":true,"data":{"_id":"68e86cbadc637a36a87b4371","name":"Andressa Mota","email":"oopawp@mail.com","role":"user","token":"eyJhbGciOiJIUzI1NiIsInR5cCI6IkpXVCJ9.eyJpZCI6IjY4ZTg2Y2JhZGM2MzdhMzZhODdiNDM3MSIsImlhdCI6MTc2MDA2MjY1MSwiZXhwIjoxNzYwMTQ5MDUxfQ.3As39cPbnK5sHu_taiz6DyPzTK2bIytnNqeLOUq1RY0"}} 
 </msg>
<msg time="2025-10-09T23:17:31.078446" level="INFO">${resposta} = &lt;Response [201]&gt;</msg>
<var>${resposta}</var>
<arg>cinema</arg>
<arg>/auth/register</arg>
<arg>json=${body}</arg>
<arg>expected_status=${status_esperado}</arg>
<doc>Sends a POST request on a previously created HTTP Session.</doc>
<status status="PASS" start="2025-10-09T23:17:30.858143" elapsed="0.220356"/>
</kw>
<kw name="Create Dictionary" owner="BuiltIn">
<msg time="2025-10-09T23:17:31.079273" level="INFO">${credenciais} = {'email': 'oopawp@mail.com', 'password': 'Senha123'}</msg>
<var>${credenciais}</var>
<arg>email=${email}</arg>
<arg>password=${password}</arg>
<doc>Creates and returns a dictionary based on the given ``items``.</doc>
<status status="PASS" start="2025-10-09T23:17:31.078769" elapsed="0.000553"/>
</kw>
<return>
<value>${resposta}</value>
<value>${credenciais}</value>
<status status="PASS" start="2025-10-09T23:17:31.079418" elapsed="0.000054"/>
</return>
<msg time="2025-10-09T23:17:31.079809" level="INFO">${resp_cadastro_user} = &lt;Response [201]&gt;</msg>
<msg time="2025-10-09T23:17:31.079895" level="INFO">${credenciais_user} = {'email': 'oopawp@mail.com', 'password': 'Senha123'}</msg>
<var>${resp_cadastro_user}</var>
<var>${credenciais_user}</var>
<arg>201</arg>
<status status="PASS" start="2025-10-09T23:17:30.851449" elapsed="0.228489"/>
</kw>
<kw name="Set Variable" owner="BuiltIn">
<msg time="2025-10-09T23:17:31.081522" level="INFO">${id_usuario_alvo} = 68e86cbadc637a36a87b4371</msg>
<var>${id_usuario_alvo}</var>
<arg>${resp_cadastro_user.json()['data']['_id']}</arg>
<doc>Returns the given values which can then be assigned to a variables.</doc>
<status status="PASS" start="2025-10-09T23:17:31.080480" elapsed="0.001094"/>
</kw>
<kw name="Generate Random String" owner="String">
<msg time="2025-10-09T23:17:31.082462" level="INFO">${nome_aleatorio} = WUPOAOEV</msg>
<var>${nome_aleatorio}</var>
<arg>8</arg>
<arg>[UPPER]</arg>
<doc>Generates a string with a desired ``length`` from the given ``chars``.</doc>
<status status="PASS" start="2025-10-09T23:17:31.082064" elapsed="0.000460"/>
</kw>
<kw name="Set Variable" owner="BuiltIn">
<msg time="2025-10-09T23:17:31.083274" level="INFO">${nome_completo_novo} = Usuario Atualizado WUPOAOEV</msg>
<var>${nome_completo_novo}</var>
<arg>Usuario Atualizado ${nome_aleatorio}</arg>
<doc>Returns the given values which can then be assigned to a variables.</doc>
<status status="PASS" start="2025-10-09T23:17:31.082937" elapsed="0.000393"/>
</kw>
<kw name="Create Dictionary" owner="BuiltIn">
<msg time="2025-10-09T23:17:31.084157" level="INFO">${novos_dados} = {'name': 'Usuario Atualizado WUPOAOEV'}</msg>
<var>${novos_dados}</var>
<arg>name=${nome_completo_novo}</arg>
<doc>Creates and returns a dictionary based on the given ``items``.</doc>
<status status="PASS" start="2025-10-09T23:17:31.083742" elapsed="0.000465"/>
</kw>
<kw name="Atualizar usuário com token" owner="user-page">
<kw name="Create Dictionary" owner="BuiltIn">
<msg time="2025-10-09T23:17:31.086094" level="INFO">${headers} = {'Authorization': 'Bearer eyJhbGciOiJIUzI1NiIsInR5cCI6IkpXVCJ9.eyJpZCI6IjY4ZTg2Y2JhZGM2MzdhMzZhODdiNDM2ZCIsImlhdCI6MTc2MDA2MjY1MCwiZXhwIjoxNzYwMTQ5MDUwfQ.d2IzRpbOE6PgrYkiQd5Qb5xTOhJK8zmh-mcmVb2OXRI'}</msg>
<var>${headers}</var>
<arg>Authorization=Bearer ${token}</arg>
<doc>Creates and returns a dictionary based on the given ``items``.</doc>
<status status="PASS" start="2025-10-09T23:17:31.085742" elapsed="0.000411"/>
</kw>
<kw name="PUT On Session" owner="RequestsLibrary">
<msg time="2025-10-09T23:17:31.223977" level="INFO">PUT Request : url=http://localhost:3000/api/v1/users/68e86cbadc637a36a87b4371 
 path_url=/api/v1/users/68e86cbadc637a36a87b4371 
 headers={'User-Agent': 'python-requests/2.32.5', 'Accept-Encoding': 'gzip, deflate', 'Accept': '*/*', 'Connection': 'keep-alive', 'Content-Type': 'application/json', 'Authorization': 'Bearer eyJhbGciOiJIUzI1NiIsInR5cCI6IkpXVCJ9.eyJpZCI6IjY4ZTg2Y2JhZGM2MzdhMzZhODdiNDM2ZCIsImlhdCI6MTc2MDA2MjY1MCwiZXhwIjoxNzYwMTQ5MDUwfQ.d2IzRpbOE6PgrYkiQd5Qb5xTOhJK8zmh-mcmVb2OXRI', 'Content-Length': '39'} 
 body=b'{"name": "Usuario Atualizado WUPOAOEV"}' 
 </msg>
<msg time="2025-10-09T23:17:31.224124" level="INFO">PUT Response : url=http://localhost:3000/api/v1/users/68e86cbadc637a36a87b4371 
 status=200, reason=OK 
 headers={'X-Powered-By': 'Express', 'Access-Control-Allow-Origin': '*', 'Content-Type': 'application/json; charset=utf-8', 'Content-Length': '135', 'ETag': 'W/"87-YVrb/GWMQvdV+wjRLTx9J8AZJKg"', 'Date': 'Fri, 10 Oct 2025 02:17:31 GMT', 'Connection': 'keep-alive', 'Keep-Alive': 'timeout=5'} 
 body={"success":true,"data":{"_id":"68e86cbadc637a36a87b4371","name":"Usuario Atualizado WUPOAOEV","email":"oopawp@mail.com","role":"user"}} 
 </msg>
<msg time="2025-10-09T23:17:31.224347" level="INFO">${resposta} = &lt;Response [200]&gt;</msg>
<var>${resposta}</var>
<arg>cinema</arg>
<arg>/users/${id_do_usuario}</arg>
<arg>json=${novos_dados}</arg>
<arg>headers=${headers}</arg>
<arg>expected_status=${status_esperado}</arg>
<doc>Sends a PUT request on a previously created HTTP Session.</doc>
<status status="PASS" start="2025-10-09T23:17:31.086357" elapsed="0.138038"/>
</kw>
<return>
<value>${resposta}</value>
<status status="PASS" start="2025-10-09T23:17:31.224530" elapsed="0.000055"/>
</return>
<msg time="2025-10-09T23:17:31.224881" level="INFO">${resp_update} = &lt;Response [200]&gt;</msg>
<var>${resp_update}</var>
<arg>${token_adm}</arg>
<arg>${id_usuario_alvo}</arg>
<arg>${novos_dados}</arg>
<arg>200</arg>
<status status="PASS" start="2025-10-09T23:17:31.085024" elapsed="0.139908"/>
</kw>
<kw name="Conferência de atualização de usuário" owner="check">
<kw name="Should Be True" owner="BuiltIn">
<arg>${response['success']}</arg>
<doc>Fails if the given condition is not true.</doc>
<status status="PASS" start="2025-10-09T23:17:31.227205" elapsed="0.000878"/>
</kw>
<kw name="Dictionary Should Contain Key" owner="Collections">
<arg>${response}</arg>
<arg>data</arg>
<doc>Fails if ``key`` is not found from ``dictionary``.</doc>
<status status="PASS" start="2025-10-09T23:17:31.228317" elapsed="0.000277"/>
</kw>
<kw name="Set Variable" owner="BuiltIn">
<msg time="2025-10-09T23:17:31.229694" level="INFO">${dados_usuario} = {'_id': '68e86cbadc637a36a87b4371', 'name': 'Usuario Atualizado WUPOAOEV', 'email': 'oopawp@mail.com', 'role': 'user'}</msg>
<var>${dados_usuario}</var>
<arg>${response['data']}</arg>
<doc>Returns the given values which can then be assigned to a variables.</doc>
<status status="PASS" start="2025-10-09T23:17:31.228808" elapsed="0.000938"/>
</kw>
<kw name="Should Be Equal As Strings" owner="BuiltIn">
<arg>${dados_usuario['name']}</arg>
<arg>${nome_esperado}</arg>
<doc>Fails if objects are unequal after converting them to strings.</doc>
<status status="PASS" start="2025-10-09T23:17:31.229955" elapsed="0.000907"/>
</kw>
<kw name="Dictionary Should Contain Key" owner="Collections">
<arg>${dados_usuario}</arg>
<arg>_id</arg>
<doc>Fails if ``key`` is not found from ``dictionary``.</doc>
<status status="PASS" start="2025-10-09T23:17:31.231060" elapsed="0.000272"/>
</kw>
<kw name="Dictionary Should Contain Key" owner="Collections">
<arg>${dados_usuario}</arg>
<arg>email</arg>
<doc>Fails if ``key`` is not found from ``dictionary``.</doc>
<status status="PASS" start="2025-10-09T23:17:31.231520" elapsed="0.000254"/>
</kw>
<arg>${resp_update.json()}</arg>
<arg>${nome_completo_novo}</arg>
<status status="PASS" start="2025-10-09T23:17:31.225687" elapsed="0.006203"/>
</kw>
<tag>ADMIN</tag>
<tag>PUT</tag>
<tag>USERS</tag>
<status status="PASS" start="2025-10-09T23:17:30.415826" elapsed="0.816472"/>
</test>
<doc>casos te teste relacionados a usuarios</doc>
<status status="FAIL" start="2025-10-09T23:17:26.419979" elapsed="4.813720"/>
</suite>
<status status="FAIL" start="2025-10-09T23:17:20.822444" elapsed="10.414399"/>
</suite>
<statistics>
<total>
<stat pass="18" fail="1" skip="0">All Tests</stat>
</total>
<tag>
<stat pass="3" fail="0" skip="0">ADM</stat>
<stat pass="1" fail="0" skip="0">ADMIN</stat>
<stat pass="1" fail="1" skip="0">AUT/LOGIN</stat>
<stat pass="2" fail="0" skip="0">AUT/ME</stat>
<stat pass="3" fail="0" skip="0">AUTH</stat>
<stat pass="4" fail="0" skip="0">DELETE</stat>
<stat pass="5" fail="0" skip="0">GET</stat>
<stat pass="1" fail="0" skip="0">ID</stat>
<stat pass="8" fail="0" skip="0">MOVIES</stat>
<stat pass="7" fail="1" skip="0">POST</stat>
<stat pass="2" fail="0" skip="0">PUT</stat>
<stat pass="4" fail="0" skip="0">USERS</stat>
</tag>
<suite>
<stat name="Tests" id="s1" pass="18" fail="1" skip="0">Tests</stat>
<stat name="Films" id="s1-s1" pass="8" fail="0" skip="0">Tests.Films</stat>
<stat name="User" id="s1-s2" pass="10" fail="1" skip="0">Tests.User</stat>
</suite>
</statistics>
<errors>
</errors>
</robot>
